{"/home/jk97/projs/s4/stores-app/server/index.js": {"path":"/home/jk97/projs/s4/stores-app/server/index.js","statementMap":{"0":{"start":{"line":20,"column":0},"end":{"line":20,"column":16}},"1":{"start":{"line":23,"column":12},"end":{"line":23,"column":21}},"2":{"start":{"line":25,"column":0},"end":{"line":25,"column":24}},"3":{"start":{"line":28,"column":13},"end":{"line":28,"column":37}},"4":{"start":{"line":31,"column":0},"end":{"line":31,"column":12}},"5":{"start":{"line":34,"column":0},"end":{"line":34,"column":18}},"6":{"start":{"line":38,"column":18},"end":{"line":41,"column":1}},"7":{"start":{"line":43,"column":20},"end":{"line":55,"column":1}},"8":{"start":{"line":46,"column":8},"end":{"line":52,"column":9}},"9":{"start":{"line":48,"column":12},"end":{"line":48,"column":33}},"10":{"start":{"line":51,"column":12},"end":{"line":51,"column":49}},"11":{"start":{"line":58,"column":0},"end":{"line":58,"column":27}},"12":{"start":{"line":63,"column":0},"end":{"line":63,"column":61}},"13":{"start":{"line":64,"column":0},"end":{"line":64,"column":32}},"14":{"start":{"line":65,"column":0},"end":{"line":65,"column":36}},"15":{"start":{"line":66,"column":0},"end":{"line":66,"column":39}},"16":{"start":{"line":67,"column":0},"end":{"line":67,"column":35}},"17":{"start":{"line":68,"column":0},"end":{"line":68,"column":36}},"18":{"start":{"line":71,"column":25},"end":{"line":73,"column":1}},"19":{"start":{"line":74,"column":0},"end":{"line":74,"column":84}},"20":{"start":{"line":80,"column":0},"end":{"line":83,"column":3}},"21":{"start":{"line":82,"column":4},"end":{"line":82,"column":65}}},"fnMap":{"0":{"name":"(anonymous_0)","decl":{"start":{"line":44,"column":12},"end":{"line":44,"column":13}},"loc":{"start":{"line":44,"column":40},"end":{"line":53,"column":5}},"line":44},"1":{"name":"(anonymous_1)","decl":{"start":{"line":80,"column":17},"end":{"line":80,"column":18}},"loc":{"start":{"line":80,"column":23},"end":{"line":83,"column":1}},"line":80}},"branchMap":{"0":{"loc":{"start":{"line":28,"column":13},"end":{"line":28,"column":37}},"type":"binary-expr","locations":[{"start":{"line":28,"column":13},"end":{"line":28,"column":29}},{"start":{"line":28,"column":33},"end":{"line":28,"column":37}}],"line":28},"1":{"loc":{"start":{"line":46,"column":8},"end":{"line":52,"column":9}},"type":"if","locations":[{"start":{"line":46,"column":8},"end":{"line":52,"column":9}},{"start":{"line":49,"column":15},"end":{"line":52,"column":9}}],"line":46},"2":{"loc":{"start":{"line":46,"column":12},"end":{"line":46,"column":49}},"type":"binary-expr","locations":[{"start":{"line":46,"column":12},"end":{"line":46,"column":19}},{"start":{"line":46,"column":23},"end":{"line":46,"column":49}}],"line":46}},"s":{"0":1,"1":1,"2":1,"3":1,"4":1,"5":1,"6":1,"7":1,"8":1,"9":1,"10":0,"11":1,"12":1,"13":1,"14":1,"15":1,"16":1,"17":1,"18":1,"19":1,"20":1,"21":1},"f":{"0":1,"1":1},"b":{"0":[1,0],"1":[1,0],"2":[1,0]},"inputSourceMap":null,"_coverageSchema":"1a1c01bbd47fc00a2c39e90264f33305004495a9","hash":"555d8b18d61ea1be133a9177e3f887d7a4f1d0c5"}
,"/home/jk97/projs/s4/stores-app/server/config/db.js": {"path":"/home/jk97/projs/s4/stores-app/server/config/db.js","statementMap":{"0":{"start":{"line":6,"column":0},"end":{"line":6,"column":15}},"1":{"start":{"line":8,"column":11},"end":{"line":26,"column":2}},"2":{"start":{"line":32,"column":4},"end":{"line":39,"column":5}},"3":{"start":{"line":33,"column":8},"end":{"line":33,"column":31}},"4":{"start":{"line":34,"column":8},"end":{"line":34,"column":23}},"5":{"start":{"line":37,"column":8},"end":{"line":37,"column":27}}},"fnMap":{"0":{"name":"connectDB","decl":{"start":{"line":31,"column":22},"end":{"line":31,"column":31}},"loc":{"start":{"line":31,"column":34},"end":{"line":40,"column":1}},"line":31}},"branchMap":{},"s":{"0":1,"1":1,"2":1,"3":1,"4":0,"5":0},"f":{"0":1},"b":{},"inputSourceMap":null,"_coverageSchema":"1a1c01bbd47fc00a2c39e90264f33305004495a9","hash":"ef796184bbcec40c0d2802c371a2cd715788388c"}
,"/home/jk97/projs/s4/stores-app/server/controllers/clienteController.js": {"path":"/home/jk97/projs/s4/stores-app/server/controllers/clienteController.js","statementMap":{"0":{"start":{"line":7,"column":32},"end":{"line":55,"column":1}},"1":{"start":{"line":9,"column":20},"end":{"line":9,"column":35}},"2":{"start":{"line":14,"column":8},"end":{"line":14,"column":16}},"3":{"start":{"line":15,"column":4},"end":{"line":54,"column":5}},"4":{"start":{"line":16,"column":30},"end":{"line":20,"column":10}},"5":{"start":{"line":22,"column":8},"end":{"line":34,"column":9}},"6":{"start":{"line":23,"column":12},"end":{"line":27,"column":13}},"7":{"start":{"line":24,"column":16},"end":{"line":24,"column":43}},"8":{"start":{"line":25,"column":16},"end":{"line":25,"column":80}},"9":{"start":{"line":26,"column":16},"end":{"line":26,"column":55}},"10":{"start":{"line":29,"column":12},"end":{"line":33,"column":13}},"11":{"start":{"line":30,"column":16},"end":{"line":30,"column":43}},"12":{"start":{"line":31,"column":16},"end":{"line":31,"column":93}},"13":{"start":{"line":32,"column":16},"end":{"line":32,"column":55}},"14":{"start":{"line":37,"column":26},"end":{"line":41,"column":10}},"15":{"start":{"line":43,"column":8},"end":{"line":43,"column":30}},"16":{"start":{"line":45,"column":8},"end":{"line":45,"column":37}},"17":{"start":{"line":46,"column":8},"end":{"line":46,"column":51}},"18":{"start":{"line":47,"column":8},"end":{"line":47,"column":47}},"19":{"start":{"line":50,"column":8},"end":{"line":50,"column":27}},"20":{"start":{"line":51,"column":8},"end":{"line":51,"column":35}},"21":{"start":{"line":52,"column":8},"end":{"line":52,"column":57}},"22":{"start":{"line":53,"column":8},"end":{"line":53,"column":46}},"23":{"start":{"line":60,"column":31},"end":{"line":79,"column":1}},"24":{"start":{"line":62,"column":20},"end":{"line":62,"column":35}},"25":{"start":{"line":63,"column":36},"end":{"line":63,"column":45}},"26":{"start":{"line":64,"column":4},"end":{"line":78,"column":5}},"27":{"start":{"line":65,"column":24},"end":{"line":67,"column":9}},"28":{"start":{"line":68,"column":8},"end":{"line":68,"column":37}},"29":{"start":{"line":69,"column":8},"end":{"line":69,"column":46}},"30":{"start":{"line":70,"column":8},"end":{"line":70,"column":33}},"31":{"start":{"line":71,"column":8},"end":{"line":71,"column":47}},"32":{"start":{"line":74,"column":8},"end":{"line":74,"column":27}},"33":{"start":{"line":75,"column":8},"end":{"line":75,"column":35}},"34":{"start":{"line":76,"column":8},"end":{"line":76,"column":62}},"35":{"start":{"line":77,"column":8},"end":{"line":77,"column":46}},"36":{"start":{"line":84,"column":29},"end":{"line":140,"column":1}},"37":{"start":{"line":86,"column":20},"end":{"line":86,"column":35}},"38":{"start":{"line":87,"column":51},"end":{"line":87,"column":59}},"39":{"start":{"line":88,"column":16},"end":{"line":88,"column":18}},"40":{"start":{"line":89,"column":4},"end":{"line":139,"column":5}},"41":{"start":{"line":90,"column":23},"end":{"line":90,"column":57}},"42":{"start":{"line":92,"column":8},"end":{"line":96,"column":9}},"43":{"start":{"line":93,"column":12},"end":{"line":93,"column":39}},"44":{"start":{"line":94,"column":12},"end":{"line":94,"column":56}},"45":{"start":{"line":95,"column":12},"end":{"line":95,"column":51}},"46":{"start":{"line":98,"column":8},"end":{"line":100,"column":9}},"47":{"start":{"line":99,"column":12},"end":{"line":99,"column":40}},"48":{"start":{"line":102,"column":8},"end":{"line":104,"column":9}},"49":{"start":{"line":103,"column":12},"end":{"line":103,"column":44}},"50":{"start":{"line":106,"column":8},"end":{"line":121,"column":9}},"51":{"start":{"line":107,"column":33},"end":{"line":107,"column":85}},"52":{"start":{"line":108,"column":12},"end":{"line":120,"column":13}},"53":{"start":{"line":109,"column":16},"end":{"line":113,"column":17}},"54":{"start":{"line":110,"column":20},"end":{"line":110,"column":47}},"55":{"start":{"line":111,"column":20},"end":{"line":111,"column":97}},"56":{"start":{"line":112,"column":20},"end":{"line":112,"column":59}},"57":{"start":{"line":115,"column":16},"end":{"line":119,"column":17}},"58":{"start":{"line":116,"column":20},"end":{"line":116,"column":47}},"59":{"start":{"line":117,"column":20},"end":{"line":117,"column":84}},"60":{"start":{"line":118,"column":20},"end":{"line":118,"column":59}},"61":{"start":{"line":123,"column":8},"end":{"line":123,"column":48}},"62":{"start":{"line":124,"column":8},"end":{"line":124,"column":42}},"63":{"start":{"line":125,"column":8},"end":{"line":125,"column":54}},"64":{"start":{"line":127,"column":8},"end":{"line":127,"column":22}},"65":{"start":{"line":129,"column":8},"end":{"line":129,"column":37}},"66":{"start":{"line":130,"column":8},"end":{"line":130,"column":60}},"67":{"start":{"line":131,"column":8},"end":{"line":131,"column":32}},"68":{"start":{"line":132,"column":8},"end":{"line":132,"column":47}},"69":{"start":{"line":135,"column":8},"end":{"line":135,"column":27}},"70":{"start":{"line":136,"column":8},"end":{"line":136,"column":35}},"71":{"start":{"line":137,"column":8},"end":{"line":137,"column":59}},"72":{"start":{"line":138,"column":8},"end":{"line":138,"column":46}},"73":{"start":{"line":145,"column":31},"end":{"line":177,"column":1}},"74":{"start":{"line":148,"column":20},"end":{"line":148,"column":35}},"75":{"start":{"line":149,"column":25},"end":{"line":149,"column":33}},"76":{"start":{"line":150,"column":4},"end":{"line":176,"column":5}},"77":{"start":{"line":151,"column":23},"end":{"line":151,"column":69}},"78":{"start":{"line":152,"column":8},"end":{"line":156,"column":9}},"79":{"start":{"line":153,"column":12},"end":{"line":153,"column":39}},"80":{"start":{"line":154,"column":12},"end":{"line":154,"column":51}},"81":{"start":{"line":155,"column":12},"end":{"line":155,"column":51}},"82":{"start":{"line":158,"column":8},"end":{"line":162,"column":9}},"83":{"start":{"line":159,"column":12},"end":{"line":159,"column":39}},"84":{"start":{"line":160,"column":12},"end":{"line":160,"column":62}},"85":{"start":{"line":161,"column":12},"end":{"line":161,"column":51}},"86":{"start":{"line":164,"column":8},"end":{"line":164,"column":30}},"87":{"start":{"line":166,"column":8},"end":{"line":166,"column":28}},"88":{"start":{"line":168,"column":8},"end":{"line":168,"column":37}},"89":{"start":{"line":169,"column":8},"end":{"line":169,"column":58}},"90":{"start":{"line":170,"column":8},"end":{"line":170,"column":47}},"91":{"start":{"line":173,"column":8},"end":{"line":173,"column":35}},"92":{"start":{"line":174,"column":8},"end":{"line":174,"column":57}},"93":{"start":{"line":175,"column":8},"end":{"line":175,"column":47}}},"fnMap":{"0":{"name":"(anonymous_0)","decl":{"start":{"line":7,"column":32},"end":{"line":7,"column":33}},"loc":{"start":{"line":7,"column":52},"end":{"line":55,"column":1}},"line":7},"1":{"name":"(anonymous_1)","decl":{"start":{"line":60,"column":31},"end":{"line":60,"column":32}},"loc":{"start":{"line":60,"column":51},"end":{"line":79,"column":1}},"line":60},"2":{"name":"(anonymous_2)","decl":{"start":{"line":84,"column":29},"end":{"line":84,"column":30}},"loc":{"start":{"line":84,"column":49},"end":{"line":140,"column":1}},"line":84},"3":{"name":"(anonymous_3)","decl":{"start":{"line":145,"column":31},"end":{"line":145,"column":32}},"loc":{"start":{"line":145,"column":51},"end":{"line":177,"column":1}},"line":145}},"branchMap":{"0":{"loc":{"start":{"line":22,"column":8},"end":{"line":34,"column":9}},"type":"if","locations":[{"start":{"line":22,"column":8},"end":{"line":34,"column":9}},{"start":{},"end":{}}],"line":22},"1":{"loc":{"start":{"line":23,"column":12},"end":{"line":27,"column":13}},"type":"if","locations":[{"start":{"line":23,"column":12},"end":{"line":27,"column":13}},{"start":{},"end":{}}],"line":23},"2":{"loc":{"start":{"line":29,"column":12},"end":{"line":33,"column":13}},"type":"if","locations":[{"start":{"line":29,"column":12},"end":{"line":33,"column":13}},{"start":{},"end":{}}],"line":29},"3":{"loc":{"start":{"line":63,"column":12},"end":{"line":63,"column":20}},"type":"default-arg","locations":[{"start":{"line":63,"column":19},"end":{"line":63,"column":20}}],"line":63},"4":{"loc":{"start":{"line":63,"column":22},"end":{"line":63,"column":31}},"type":"default-arg","locations":[{"start":{"line":63,"column":30},"end":{"line":63,"column":31}}],"line":63},"5":{"loc":{"start":{"line":92,"column":8},"end":{"line":96,"column":9}},"type":"if","locations":[{"start":{"line":92,"column":8},"end":{"line":96,"column":9}},{"start":{},"end":{}}],"line":92},"6":{"loc":{"start":{"line":98,"column":8},"end":{"line":100,"column":9}},"type":"if","locations":[{"start":{"line":98,"column":8},"end":{"line":100,"column":9}},{"start":{},"end":{}}],"line":98},"7":{"loc":{"start":{"line":102,"column":8},"end":{"line":104,"column":9}},"type":"if","locations":[{"start":{"line":102,"column":8},"end":{"line":104,"column":9}},{"start":{},"end":{}}],"line":102},"8":{"loc":{"start":{"line":106,"column":8},"end":{"line":121,"column":9}},"type":"if","locations":[{"start":{"line":106,"column":8},"end":{"line":121,"column":9}},{"start":{},"end":{}}],"line":106},"9":{"loc":{"start":{"line":108,"column":12},"end":{"line":120,"column":13}},"type":"if","locations":[{"start":{"line":108,"column":12},"end":{"line":120,"column":13}},{"start":{},"end":{}}],"line":108},"10":{"loc":{"start":{"line":108,"column":16},"end":{"line":108,"column":77}},"type":"binary-expr","locations":[{"start":{"line":108,"column":16},"end":{"line":108,"column":28}},{"start":{"line":108,"column":32},"end":{"line":108,"column":77}}],"line":108},"11":{"loc":{"start":{"line":109,"column":16},"end":{"line":113,"column":17}},"type":"if","locations":[{"start":{"line":109,"column":16},"end":{"line":113,"column":17}},{"start":{},"end":{}}],"line":109},"12":{"loc":{"start":{"line":115,"column":16},"end":{"line":119,"column":17}},"type":"if","locations":[{"start":{"line":115,"column":16},"end":{"line":119,"column":17}},{"start":{},"end":{}}],"line":115},"13":{"loc":{"start":{"line":123,"column":24},"end":{"line":123,"column":47}},"type":"binary-expr","locations":[{"start":{"line":123,"column":24},"end":{"line":123,"column":30}},{"start":{"line":123,"column":34},"end":{"line":123,"column":47}}],"line":123},"14":{"loc":{"start":{"line":124,"column":22},"end":{"line":124,"column":41}},"type":"binary-expr","locations":[{"start":{"line":124,"column":22},"end":{"line":124,"column":26}},{"start":{"line":124,"column":30},"end":{"line":124,"column":41}}],"line":124},"15":{"loc":{"start":{"line":125,"column":26},"end":{"line":125,"column":53}},"type":"binary-expr","locations":[{"start":{"line":125,"column":26},"end":{"line":125,"column":34}},{"start":{"line":125,"column":38},"end":{"line":125,"column":53}}],"line":125},"16":{"loc":{"start":{"line":152,"column":8},"end":{"line":156,"column":9}},"type":"if","locations":[{"start":{"line":152,"column":8},"end":{"line":156,"column":9}},{"start":{},"end":{}}],"line":152},"17":{"loc":{"start":{"line":158,"column":8},"end":{"line":162,"column":9}},"type":"if","locations":[{"start":{"line":158,"column":8},"end":{"line":162,"column":9}},{"start":{},"end":{}}],"line":158}},"s":{"0":1,"1":0,"2":0,"3":0,"4":0,"5":0,"6":0,"7":0,"8":0,"9":0,"10":0,"11":0,"12":0,"13":0,"14":0,"15":0,"16":0,"17":0,"18":0,"19":0,"20":0,"21":0,"22":0,"23":1,"24":0,"25":0,"26":0,"27":0,"28":0,"29":0,"30":0,"31":0,"32":0,"33":0,"34":0,"35":0,"36":1,"37":0,"38":0,"39":0,"40":0,"41":0,"42":0,"43":0,"44":0,"45":0,"46":0,"47":0,"48":0,"49":0,"50":0,"51":0,"52":0,"53":0,"54":0,"55":0,"56":0,"57":0,"58":0,"59":0,"60":0,"61":0,"62":0,"63":0,"64":0,"65":0,"66":0,"67":0,"68":0,"69":0,"70":0,"71":0,"72":0,"73":1,"74":0,"75":0,"76":0,"77":0,"78":0,"79":0,"80":0,"81":0,"82":0,"83":0,"84":0,"85":0,"86":0,"87":0,"88":0,"89":0,"90":0,"91":0,"92":0,"93":0},"f":{"0":0,"1":0,"2":0,"3":0},"b":{"0":[0,0],"1":[0,0],"2":[0,0],"3":[0],"4":[0],"5":[0,0],"6":[0,0],"7":[0,0],"8":[0,0],"9":[0,0],"10":[0,0],"11":[0,0],"12":[0,0],"13":[0,0],"14":[0,0],"15":[0,0],"16":[0,0],"17":[0,0]},"inputSourceMap":null,"_coverageSchema":"1a1c01bbd47fc00a2c39e90264f33305004495a9","hash":"c5cbf74c2d211c3ff45b18c810319f884149a81e"}
,"/home/jk97/projs/s4/stores-app/server/controllers/movimientosController.js": {"path":"/home/jk97/projs/s4/stores-app/server/controllers/movimientosController.js","statementMap":{"0":{"start":{"line":9,"column":35},"end":{"line":112,"column":1}},"1":{"start":{"line":11,"column":20},"end":{"line":11,"column":35}},"2":{"start":{"line":17,"column":8},"end":{"line":17,"column":16}},"3":{"start":{"line":19,"column":4},"end":{"line":111,"column":5}},"4":{"start":{"line":21,"column":8},"end":{"line":25,"column":9}},"5":{"start":{"line":22,"column":12},"end":{"line":22,"column":39}},"6":{"start":{"line":23,"column":12},"end":{"line":23,"column":83}},"7":{"start":{"line":24,"column":12},"end":{"line":24,"column":51}},"8":{"start":{"line":27,"column":30},"end":{"line":27,"column":123}},"9":{"start":{"line":29,"column":8},"end":{"line":33,"column":9}},"10":{"start":{"line":30,"column":12},"end":{"line":30,"column":39}},"11":{"start":{"line":31,"column":12},"end":{"line":31,"column":52}},"12":{"start":{"line":32,"column":12},"end":{"line":32,"column":51}},"13":{"start":{"line":35,"column":8},"end":{"line":39,"column":9}},"14":{"start":{"line":36,"column":12},"end":{"line":36,"column":39}},"15":{"start":{"line":37,"column":12},"end":{"line":37,"column":80}},"16":{"start":{"line":38,"column":12},"end":{"line":38,"column":51}},"17":{"start":{"line":41,"column":8},"end":{"line":70,"column":9}},"18":{"start":{"line":42,"column":36},"end":{"line":42,"column":73}},"19":{"start":{"line":43,"column":12},"end":{"line":47,"column":13}},"20":{"start":{"line":44,"column":16},"end":{"line":44,"column":43}},"21":{"start":{"line":45,"column":16},"end":{"line":45,"column":66}},"22":{"start":{"line":46,"column":16},"end":{"line":46,"column":55}},"23":{"start":{"line":49,"column":12},"end":{"line":53,"column":13}},"24":{"start":{"line":50,"column":16},"end":{"line":50,"column":43}},"25":{"start":{"line":51,"column":16},"end":{"line":51,"column":76}},"26":{"start":{"line":52,"column":16},"end":{"line":52,"column":55}},"27":{"start":{"line":55,"column":33},"end":{"line":60,"column":14}},"28":{"start":{"line":61,"column":12},"end":{"line":61,"column":51}},"29":{"start":{"line":63,"column":12},"end":{"line":63,"column":88}},"30":{"start":{"line":65,"column":12},"end":{"line":65,"column":41}},"31":{"start":{"line":66,"column":12},"end":{"line":66,"column":73}},"32":{"start":{"line":67,"column":12},"end":{"line":67,"column":42}},"33":{"start":{"line":68,"column":12},"end":{"line":68,"column":44}},"34":{"start":{"line":72,"column":8},"end":{"line":104,"column":9}},"35":{"start":{"line":73,"column":34},"end":{"line":73,"column":69}},"36":{"start":{"line":74,"column":12},"end":{"line":78,"column":13}},"37":{"start":{"line":75,"column":16},"end":{"line":75,"column":43}},"38":{"start":{"line":76,"column":16},"end":{"line":76,"column":55}},"39":{"start":{"line":77,"column":16},"end":{"line":77,"column":55}},"40":{"start":{"line":80,"column":12},"end":{"line":84,"column":13}},"41":{"start":{"line":81,"column":16},"end":{"line":81,"column":43}},"42":{"start":{"line":82,"column":16},"end":{"line":82,"column":100}},"43":{"start":{"line":83,"column":16},"end":{"line":83,"column":55}},"44":{"start":{"line":86,"column":33},"end":{"line":91,"column":14}},"45":{"start":{"line":92,"column":12},"end":{"line":92,"column":51}},"46":{"start":{"line":94,"column":12},"end":{"line":94,"column":88}},"47":{"start":{"line":96,"column":12},"end":{"line":98,"column":13}},"48":{"start":{"line":97,"column":16},"end":{"line":97,"column":62}},"49":{"start":{"line":100,"column":16},"end":{"line":100,"column":45}},"50":{"start":{"line":101,"column":12},"end":{"line":101,"column":72}},"51":{"start":{"line":102,"column":12},"end":{"line":102,"column":42}},"52":{"start":{"line":103,"column":12},"end":{"line":103,"column":44}},"53":{"start":{"line":107,"column":8},"end":{"line":107,"column":27}},"54":{"start":{"line":108,"column":8},"end":{"line":108,"column":35}},"55":{"start":{"line":109,"column":8},"end":{"line":109,"column":61}},"56":{"start":{"line":110,"column":8},"end":{"line":110,"column":47}},"57":{"start":{"line":119,"column":27},"end":{"line":138,"column":1}},"58":{"start":{"line":121,"column":20},"end":{"line":121,"column":35}},"59":{"start":{"line":122,"column":36},"end":{"line":122,"column":45}},"60":{"start":{"line":123,"column":4},"end":{"line":137,"column":5}},"61":{"start":{"line":124,"column":21},"end":{"line":126,"column":9}},"62":{"start":{"line":128,"column":8},"end":{"line":128,"column":37}},"63":{"start":{"line":129,"column":8},"end":{"line":129,"column":62}},"64":{"start":{"line":130,"column":8},"end":{"line":130,"column":30}},"65":{"start":{"line":132,"column":8},"end":{"line":132,"column":47}},"66":{"start":{"line":134,"column":8},"end":{"line":134,"column":35}},"67":{"start":{"line":135,"column":8},"end":{"line":135,"column":64}},"68":{"start":{"line":136,"column":8},"end":{"line":136,"column":47}},"69":{"start":{"line":143,"column":34},"end":{"line":222,"column":1}},"70":{"start":{"line":146,"column":20},"end":{"line":146,"column":35}},"71":{"start":{"line":147,"column":36},"end":{"line":147,"column":45}},"72":{"start":{"line":148,"column":58},"end":{"line":148,"column":66}},"73":{"start":{"line":149,"column":16},"end":{"line":149,"column":18}},"74":{"start":{"line":150,"column":18},"end":{"line":150,"column":20}},"75":{"start":{"line":151,"column":15},"end":{"line":151,"column":17}},"76":{"start":{"line":152,"column":4},"end":{"line":221,"column":5}},"77":{"start":{"line":154,"column":8},"end":{"line":165,"column":9}},"78":{"start":{"line":155,"column":30},"end":{"line":155,"column":64}},"79":{"start":{"line":156,"column":27},"end":{"line":156,"column":61}},"80":{"start":{"line":158,"column":12},"end":{"line":163,"column":15}},"81":{"start":{"line":164,"column":12},"end":{"line":164,"column":44}},"82":{"start":{"line":167,"column":8},"end":{"line":170,"column":9}},"83":{"start":{"line":168,"column":12},"end":{"line":168,"column":41}},"84":{"start":{"line":169,"column":12},"end":{"line":169,"column":43}},"85":{"start":{"line":172,"column":8},"end":{"line":175,"column":9}},"86":{"start":{"line":173,"column":12},"end":{"line":173,"column":60}},"87":{"start":{"line":174,"column":12},"end":{"line":174,"column":48}},"88":{"start":{"line":177,"column":8},"end":{"line":180,"column":9}},"89":{"start":{"line":178,"column":12},"end":{"line":178,"column":56}},"90":{"start":{"line":179,"column":12},"end":{"line":179,"column":46}},"91":{"start":{"line":182,"column":8},"end":{"line":185,"column":9}},"92":{"start":{"line":183,"column":12},"end":{"line":183,"column":58}},"93":{"start":{"line":184,"column":12},"end":{"line":184,"column":47}},"94":{"start":{"line":187,"column":8},"end":{"line":202,"column":9}},"95":{"start":{"line":188,"column":12},"end":{"line":196,"column":14}},"96":{"start":{"line":197,"column":12},"end":{"line":197,"column":41}},"97":{"start":{"line":198,"column":12},"end":{"line":198,"column":77}},"98":{"start":{"line":199,"column":12},"end":{"line":199,"column":34}},"99":{"start":{"line":201,"column":12},"end":{"line":201,"column":51}},"100":{"start":{"line":204,"column":8},"end":{"line":210,"column":10}},"101":{"start":{"line":212,"column":8},"end":{"line":212,"column":37}},"102":{"start":{"line":213,"column":8},"end":{"line":213,"column":63}},"103":{"start":{"line":214,"column":8},"end":{"line":214,"column":30}},"104":{"start":{"line":216,"column":8},"end":{"line":216,"column":47}},"105":{"start":{"line":218,"column":8},"end":{"line":218,"column":35}},"106":{"start":{"line":219,"column":8},"end":{"line":219,"column":65}},"107":{"start":{"line":220,"column":8},"end":{"line":220,"column":47}}},"fnMap":{"0":{"name":"(anonymous_0)","decl":{"start":{"line":9,"column":35},"end":{"line":9,"column":36}},"loc":{"start":{"line":9,"column":55},"end":{"line":112,"column":1}},"line":9},"1":{"name":"(anonymous_1)","decl":{"start":{"line":119,"column":27},"end":{"line":119,"column":28}},"loc":{"start":{"line":119,"column":47},"end":{"line":138,"column":1}},"line":119},"2":{"name":"(anonymous_2)","decl":{"start":{"line":143,"column":34},"end":{"line":143,"column":35}},"loc":{"start":{"line":143,"column":54},"end":{"line":222,"column":1}},"line":143}},"branchMap":{"0":{"loc":{"start":{"line":21,"column":8},"end":{"line":25,"column":9}},"type":"if","locations":[{"start":{"line":21,"column":8},"end":{"line":25,"column":9}},{"start":{},"end":{}}],"line":21},"1":{"loc":{"start":{"line":21,"column":14},"end":{"line":21,"column":81}},"type":"binary-expr","locations":[{"start":{"line":21,"column":14},"end":{"line":21,"column":46}},{"start":{"line":21,"column":50},"end":{"line":21,"column":81}}],"line":21},"2":{"loc":{"start":{"line":29,"column":8},"end":{"line":33,"column":9}},"type":"if","locations":[{"start":{"line":29,"column":8},"end":{"line":33,"column":9}},{"start":{},"end":{}}],"line":29},"3":{"loc":{"start":{"line":35,"column":8},"end":{"line":39,"column":9}},"type":"if","locations":[{"start":{"line":35,"column":8},"end":{"line":39,"column":9}},{"start":{},"end":{}}],"line":35},"4":{"loc":{"start":{"line":41,"column":8},"end":{"line":70,"column":9}},"type":"if","locations":[{"start":{"line":41,"column":8},"end":{"line":70,"column":9}},{"start":{},"end":{}}],"line":41},"5":{"loc":{"start":{"line":43,"column":12},"end":{"line":47,"column":13}},"type":"if","locations":[{"start":{"line":43,"column":12},"end":{"line":47,"column":13}},{"start":{},"end":{}}],"line":43},"6":{"loc":{"start":{"line":49,"column":12},"end":{"line":53,"column":13}},"type":"if","locations":[{"start":{"line":49,"column":12},"end":{"line":53,"column":13}},{"start":{},"end":{}}],"line":49},"7":{"loc":{"start":{"line":56,"column":21},"end":{"line":56,"column":62}},"type":"binary-expr","locations":[{"start":{"line":56,"column":21},"end":{"line":56,"column":51}},{"start":{"line":56,"column":53},"end":{"line":56,"column":62}}],"line":56},"8":{"loc":{"start":{"line":72,"column":8},"end":{"line":104,"column":9}},"type":"if","locations":[{"start":{"line":72,"column":8},"end":{"line":104,"column":9}},{"start":{},"end":{}}],"line":72},"9":{"loc":{"start":{"line":74,"column":12},"end":{"line":78,"column":13}},"type":"if","locations":[{"start":{"line":74,"column":12},"end":{"line":78,"column":13}},{"start":{},"end":{}}],"line":74},"10":{"loc":{"start":{"line":80,"column":12},"end":{"line":84,"column":13}},"type":"if","locations":[{"start":{"line":80,"column":12},"end":{"line":84,"column":13}},{"start":{},"end":{}}],"line":80},"11":{"loc":{"start":{"line":87,"column":21},"end":{"line":87,"column":60}},"type":"binary-expr","locations":[{"start":{"line":87,"column":21},"end":{"line":87,"column":50}},{"start":{"line":87,"column":52},"end":{"line":87,"column":60}}],"line":87},"12":{"loc":{"start":{"line":96,"column":12},"end":{"line":98,"column":13}},"type":"if","locations":[{"start":{"line":96,"column":12},"end":{"line":98,"column":13}},{"start":{},"end":{}}],"line":96},"13":{"loc":{"start":{"line":122,"column":12},"end":{"line":122,"column":20}},"type":"default-arg","locations":[{"start":{"line":122,"column":19},"end":{"line":122,"column":20}}],"line":122},"14":{"loc":{"start":{"line":122,"column":22},"end":{"line":122,"column":31}},"type":"default-arg","locations":[{"start":{"line":122,"column":30},"end":{"line":122,"column":31}}],"line":122},"15":{"loc":{"start":{"line":147,"column":12},"end":{"line":147,"column":20}},"type":"default-arg","locations":[{"start":{"line":147,"column":19},"end":{"line":147,"column":20}}],"line":147},"16":{"loc":{"start":{"line":147,"column":22},"end":{"line":147,"column":31}},"type":"default-arg","locations":[{"start":{"line":147,"column":30},"end":{"line":147,"column":31}}],"line":147},"17":{"loc":{"start":{"line":154,"column":8},"end":{"line":165,"column":9}},"type":"if","locations":[{"start":{"line":154,"column":8},"end":{"line":165,"column":9}},{"start":{},"end":{}}],"line":154},"18":{"loc":{"start":{"line":167,"column":8},"end":{"line":170,"column":9}},"type":"if","locations":[{"start":{"line":167,"column":8},"end":{"line":170,"column":9}},{"start":{},"end":{}}],"line":167},"19":{"loc":{"start":{"line":172,"column":8},"end":{"line":175,"column":9}},"type":"if","locations":[{"start":{"line":172,"column":8},"end":{"line":175,"column":9}},{"start":{},"end":{}}],"line":172},"20":{"loc":{"start":{"line":177,"column":8},"end":{"line":180,"column":9}},"type":"if","locations":[{"start":{"line":177,"column":8},"end":{"line":180,"column":9}},{"start":{},"end":{}}],"line":177},"21":{"loc":{"start":{"line":182,"column":8},"end":{"line":185,"column":9}},"type":"if","locations":[{"start":{"line":182,"column":8},"end":{"line":185,"column":9}},{"start":{},"end":{}}],"line":182},"22":{"loc":{"start":{"line":187,"column":8},"end":{"line":202,"column":9}},"type":"if","locations":[{"start":{"line":187,"column":8},"end":{"line":202,"column":9}},{"start":{},"end":{}}],"line":187}},"s":{"0":1,"1":0,"2":0,"3":0,"4":0,"5":0,"6":0,"7":0,"8":0,"9":0,"10":0,"11":0,"12":0,"13":0,"14":0,"15":0,"16":0,"17":0,"18":0,"19":0,"20":0,"21":0,"22":0,"23":0,"24":0,"25":0,"26":0,"27":0,"28":0,"29":0,"30":0,"31":0,"32":0,"33":0,"34":0,"35":0,"36":0,"37":0,"38":0,"39":0,"40":0,"41":0,"42":0,"43":0,"44":0,"45":0,"46":0,"47":0,"48":0,"49":0,"50":0,"51":0,"52":0,"53":0,"54":0,"55":0,"56":0,"57":1,"58":0,"59":0,"60":0,"61":0,"62":0,"63":0,"64":0,"65":0,"66":0,"67":0,"68":0,"69":1,"70":0,"71":0,"72":0,"73":0,"74":0,"75":0,"76":0,"77":0,"78":0,"79":0,"80":0,"81":0,"82":0,"83":0,"84":0,"85":0,"86":0,"87":0,"88":0,"89":0,"90":0,"91":0,"92":0,"93":0,"94":0,"95":0,"96":0,"97":0,"98":0,"99":0,"100":0,"101":0,"102":0,"103":0,"104":0,"105":0,"106":0,"107":0},"f":{"0":0,"1":0,"2":0},"b":{"0":[0,0],"1":[0,0],"2":[0,0],"3":[0,0],"4":[0,0],"5":[0,0],"6":[0,0],"7":[0,0],"8":[0,0],"9":[0,0],"10":[0,0],"11":[0,0],"12":[0,0],"13":[0],"14":[0],"15":[0],"16":[0],"17":[0,0],"18":[0,0],"19":[0,0],"20":[0,0],"21":[0,0],"22":[0,0]},"inputSourceMap":null,"_coverageSchema":"1a1c01bbd47fc00a2c39e90264f33305004495a9","hash":"4de3030f340deec48fefc646eecc1ca3aeea4f6a"}
,"/home/jk97/projs/s4/stores-app/server/controllers/productoController.js": {"path":"/home/jk97/projs/s4/stores-app/server/controllers/productoController.js","statementMap":{"0":{"start":{"line":8,"column":33},"end":{"line":60,"column":1}},"1":{"start":{"line":10,"column":20},"end":{"line":10,"column":35}},"2":{"start":{"line":18,"column":8},"end":{"line":18,"column":16}},"3":{"start":{"line":20,"column":4},"end":{"line":59,"column":5}},"4":{"start":{"line":22,"column":32},"end":{"line":22,"column":70}},"5":{"start":{"line":24,"column":8},"end":{"line":28,"column":9}},"6":{"start":{"line":25,"column":12},"end":{"line":25,"column":39}},"7":{"start":{"line":26,"column":12},"end":{"line":26,"column":53}},"8":{"start":{"line":27,"column":12},"end":{"line":27,"column":51}},"9":{"start":{"line":31,"column":26},"end":{"line":39,"column":10}},"10":{"start":{"line":41,"column":8},"end":{"line":41,"column":31}},"11":{"start":{"line":43,"column":29},"end":{"line":48,"column":10}},"12":{"start":{"line":50,"column":8},"end":{"line":50,"column":37}},"13":{"start":{"line":51,"column":8},"end":{"line":51,"column":52}},"14":{"start":{"line":52,"column":8},"end":{"line":52,"column":38}},"15":{"start":{"line":53,"column":8},"end":{"line":53,"column":47}},"16":{"start":{"line":55,"column":8},"end":{"line":55,"column":27}},"17":{"start":{"line":56,"column":8},"end":{"line":56,"column":35}},"18":{"start":{"line":57,"column":8},"end":{"line":57,"column":59}},"19":{"start":{"line":58,"column":8},"end":{"line":58,"column":47}},"20":{"start":{"line":65,"column":31},"end":{"line":85,"column":1}},"21":{"start":{"line":67,"column":36},"end":{"line":67,"column":45}},"22":{"start":{"line":68,"column":20},"end":{"line":68,"column":35}},"23":{"start":{"line":69,"column":4},"end":{"line":84,"column":5}},"24":{"start":{"line":70,"column":25},"end":{"line":72,"column":9}},"25":{"start":{"line":74,"column":8},"end":{"line":74,"column":37}},"26":{"start":{"line":75,"column":8},"end":{"line":75,"column":46}},"27":{"start":{"line":76,"column":8},"end":{"line":76,"column":34}},"28":{"start":{"line":77,"column":8},"end":{"line":77,"column":40}},"29":{"start":{"line":80,"column":8},"end":{"line":80,"column":26}},"30":{"start":{"line":81,"column":8},"end":{"line":81,"column":35}},"31":{"start":{"line":82,"column":8},"end":{"line":82,"column":61}},"32":{"start":{"line":83,"column":8},"end":{"line":83,"column":47}},"33":{"start":{"line":90,"column":30},"end":{"line":128,"column":1}},"34":{"start":{"line":92,"column":20},"end":{"line":92,"column":35}},"35":{"start":{"line":100,"column":8},"end":{"line":100,"column":16}},"36":{"start":{"line":102,"column":4},"end":{"line":127,"column":5}},"37":{"start":{"line":103,"column":24},"end":{"line":103,"column":69}},"38":{"start":{"line":104,"column":8},"end":{"line":108,"column":9}},"39":{"start":{"line":105,"column":12},"end":{"line":105,"column":39}},"40":{"start":{"line":106,"column":12},"end":{"line":106,"column":52}},"41":{"start":{"line":107,"column":12},"end":{"line":107,"column":51}},"42":{"start":{"line":110,"column":8},"end":{"line":110,"column":50}},"43":{"start":{"line":111,"column":8},"end":{"line":111,"column":50}},"44":{"start":{"line":112,"column":8},"end":{"line":112,"column":59}},"45":{"start":{"line":113,"column":8},"end":{"line":113,"column":50}},"46":{"start":{"line":114,"column":8},"end":{"line":114,"column":68}},"47":{"start":{"line":116,"column":8},"end":{"line":116,"column":29}},"48":{"start":{"line":118,"column":8},"end":{"line":118,"column":37}},"49":{"start":{"line":119,"column":8},"end":{"line":119,"column":57}},"50":{"start":{"line":120,"column":8},"end":{"line":120,"column":33}},"51":{"start":{"line":121,"column":8},"end":{"line":121,"column":40}},"52":{"start":{"line":123,"column":8},"end":{"line":123,"column":27}},"53":{"start":{"line":124,"column":8},"end":{"line":124,"column":35}},"54":{"start":{"line":125,"column":8},"end":{"line":125,"column":55}},"55":{"start":{"line":126,"column":8},"end":{"line":126,"column":47}},"56":{"start":{"line":133,"column":32},"end":{"line":188,"column":1}},"57":{"start":{"line":135,"column":36},"end":{"line":135,"column":45}},"58":{"start":{"line":136,"column":20},"end":{"line":136,"column":35}},"59":{"start":{"line":137,"column":45},"end":{"line":137,"column":53}},"60":{"start":{"line":138,"column":16},"end":{"line":138,"column":18}},"61":{"start":{"line":139,"column":18},"end":{"line":139,"column":20}},"62":{"start":{"line":140,"column":19},"end":{"line":140,"column":21}},"63":{"start":{"line":141,"column":4},"end":{"line":187,"column":5}},"64":{"start":{"line":142,"column":8},"end":{"line":145,"column":9}},"65":{"start":{"line":143,"column":12},"end":{"line":143,"column":74}},"66":{"start":{"line":144,"column":12},"end":{"line":144,"column":45}},"67":{"start":{"line":147,"column":8},"end":{"line":150,"column":9}},"68":{"start":{"line":148,"column":12},"end":{"line":148,"column":46}},"69":{"start":{"line":149,"column":12},"end":{"line":149,"column":48}},"70":{"start":{"line":152,"column":8},"end":{"line":155,"column":9}},"71":{"start":{"line":153,"column":12},"end":{"line":153,"column":60}},"72":{"start":{"line":154,"column":12},"end":{"line":154,"column":48}},"73":{"start":{"line":157,"column":8},"end":{"line":177,"column":9}},"74":{"start":{"line":158,"column":12},"end":{"line":166,"column":14}},"75":{"start":{"line":167,"column":12},"end":{"line":167,"column":83}},"76":{"start":{"line":169,"column":12},"end":{"line":175,"column":14}},"77":{"start":{"line":176,"column":12},"end":{"line":176,"column":69}},"78":{"start":{"line":179,"column":8},"end":{"line":179,"column":37}},"79":{"start":{"line":180,"column":8},"end":{"line":180,"column":34}},"80":{"start":{"line":181,"column":8},"end":{"line":181,"column":47}},"81":{"start":{"line":183,"column":8},"end":{"line":183,"column":26}},"82":{"start":{"line":184,"column":8},"end":{"line":184,"column":35}},"83":{"start":{"line":185,"column":8},"end":{"line":185,"column":61}},"84":{"start":{"line":186,"column":8},"end":{"line":186,"column":47}},"85":{"start":{"line":193,"column":33},"end":{"line":225,"column":1}},"86":{"start":{"line":196,"column":20},"end":{"line":196,"column":35}},"87":{"start":{"line":197,"column":23},"end":{"line":197,"column":31}},"88":{"start":{"line":198,"column":4},"end":{"line":224,"column":5}},"89":{"start":{"line":199,"column":24},"end":{"line":199,"column":69}},"90":{"start":{"line":200,"column":8},"end":{"line":204,"column":9}},"91":{"start":{"line":201,"column":12},"end":{"line":201,"column":39}},"92":{"start":{"line":202,"column":12},"end":{"line":202,"column":52}},"93":{"start":{"line":203,"column":12},"end":{"line":203,"column":51}},"94":{"start":{"line":206,"column":8},"end":{"line":210,"column":9}},"95":{"start":{"line":207,"column":12},"end":{"line":207,"column":39}},"96":{"start":{"line":208,"column":12},"end":{"line":208,"column":61}},"97":{"start":{"line":209,"column":12},"end":{"line":209,"column":51}},"98":{"start":{"line":212,"column":8},"end":{"line":212,"column":31}},"99":{"start":{"line":214,"column":8},"end":{"line":214,"column":29}},"100":{"start":{"line":216,"column":8},"end":{"line":216,"column":37}},"101":{"start":{"line":217,"column":8},"end":{"line":217,"column":56}},"102":{"start":{"line":218,"column":8},"end":{"line":218,"column":47}},"103":{"start":{"line":220,"column":8},"end":{"line":220,"column":27}},"104":{"start":{"line":221,"column":8},"end":{"line":221,"column":35}},"105":{"start":{"line":222,"column":8},"end":{"line":222,"column":73}},"106":{"start":{"line":223,"column":8},"end":{"line":223,"column":47}}},"fnMap":{"0":{"name":"(anonymous_0)","decl":{"start":{"line":8,"column":33},"end":{"line":8,"column":34}},"loc":{"start":{"line":8,"column":53},"end":{"line":60,"column":1}},"line":8},"1":{"name":"(anonymous_1)","decl":{"start":{"line":65,"column":31},"end":{"line":65,"column":32}},"loc":{"start":{"line":65,"column":51},"end":{"line":85,"column":1}},"line":65},"2":{"name":"(anonymous_2)","decl":{"start":{"line":90,"column":30},"end":{"line":90,"column":31}},"loc":{"start":{"line":90,"column":50},"end":{"line":128,"column":1}},"line":90},"3":{"name":"(anonymous_3)","decl":{"start":{"line":133,"column":32},"end":{"line":133,"column":33}},"loc":{"start":{"line":133,"column":52},"end":{"line":188,"column":1}},"line":133},"4":{"name":"(anonymous_4)","decl":{"start":{"line":193,"column":33},"end":{"line":193,"column":34}},"loc":{"start":{"line":193,"column":53},"end":{"line":225,"column":1}},"line":193}},"branchMap":{"0":{"loc":{"start":{"line":24,"column":8},"end":{"line":28,"column":9}},"type":"if","locations":[{"start":{"line":24,"column":8},"end":{"line":28,"column":9}},{"start":{},"end":{}}],"line":24},"1":{"loc":{"start":{"line":67,"column":12},"end":{"line":67,"column":20}},"type":"default-arg","locations":[{"start":{"line":67,"column":19},"end":{"line":67,"column":20}}],"line":67},"2":{"loc":{"start":{"line":67,"column":22},"end":{"line":67,"column":31}},"type":"default-arg","locations":[{"start":{"line":67,"column":30},"end":{"line":67,"column":31}}],"line":67},"3":{"loc":{"start":{"line":104,"column":8},"end":{"line":108,"column":9}},"type":"if","locations":[{"start":{"line":104,"column":8},"end":{"line":108,"column":9}},{"start":{},"end":{}}],"line":104},"4":{"loc":{"start":{"line":110,"column":25},"end":{"line":110,"column":49}},"type":"binary-expr","locations":[{"start":{"line":110,"column":25},"end":{"line":110,"column":31}},{"start":{"line":110,"column":35},"end":{"line":110,"column":49}}],"line":110},"5":{"loc":{"start":{"line":111,"column":25},"end":{"line":111,"column":49}},"type":"binary-expr","locations":[{"start":{"line":111,"column":25},"end":{"line":111,"column":31}},{"start":{"line":111,"column":35},"end":{"line":111,"column":49}}],"line":111},"6":{"loc":{"start":{"line":112,"column":28},"end":{"line":112,"column":58}},"type":"binary-expr","locations":[{"start":{"line":112,"column":28},"end":{"line":112,"column":37}},{"start":{"line":112,"column":41},"end":{"line":112,"column":58}}],"line":112},"7":{"loc":{"start":{"line":113,"column":25},"end":{"line":113,"column":49}},"type":"binary-expr","locations":[{"start":{"line":113,"column":25},"end":{"line":113,"column":31}},{"start":{"line":113,"column":35},"end":{"line":113,"column":49}}],"line":113},"8":{"loc":{"start":{"line":114,"column":31},"end":{"line":114,"column":67}},"type":"binary-expr","locations":[{"start":{"line":114,"column":31},"end":{"line":114,"column":43}},{"start":{"line":114,"column":47},"end":{"line":114,"column":67}}],"line":114},"9":{"loc":{"start":{"line":135,"column":12},"end":{"line":135,"column":20}},"type":"default-arg","locations":[{"start":{"line":135,"column":19},"end":{"line":135,"column":20}}],"line":135},"10":{"loc":{"start":{"line":135,"column":22},"end":{"line":135,"column":31}},"type":"default-arg","locations":[{"start":{"line":135,"column":30},"end":{"line":135,"column":31}}],"line":135},"11":{"loc":{"start":{"line":142,"column":8},"end":{"line":145,"column":9}},"type":"if","locations":[{"start":{"line":142,"column":8},"end":{"line":145,"column":9}},{"start":{},"end":{}}],"line":142},"12":{"loc":{"start":{"line":147,"column":8},"end":{"line":150,"column":9}},"type":"if","locations":[{"start":{"line":147,"column":8},"end":{"line":150,"column":9}},{"start":{},"end":{}}],"line":147},"13":{"loc":{"start":{"line":152,"column":8},"end":{"line":155,"column":9}},"type":"if","locations":[{"start":{"line":152,"column":8},"end":{"line":155,"column":9}},{"start":{},"end":{}}],"line":152},"14":{"loc":{"start":{"line":157,"column":8},"end":{"line":177,"column":9}},"type":"if","locations":[{"start":{"line":157,"column":8},"end":{"line":177,"column":9}},{"start":{"line":168,"column":15},"end":{"line":177,"column":9}}],"line":157},"15":{"loc":{"start":{"line":200,"column":8},"end":{"line":204,"column":9}},"type":"if","locations":[{"start":{"line":200,"column":8},"end":{"line":204,"column":9}},{"start":{},"end":{}}],"line":200},"16":{"loc":{"start":{"line":206,"column":8},"end":{"line":210,"column":9}},"type":"if","locations":[{"start":{"line":206,"column":8},"end":{"line":210,"column":9}},{"start":{},"end":{}}],"line":206}},"s":{"0":1,"1":0,"2":0,"3":0,"4":0,"5":0,"6":0,"7":0,"8":0,"9":0,"10":0,"11":0,"12":0,"13":0,"14":0,"15":0,"16":0,"17":0,"18":0,"19":0,"20":1,"21":0,"22":0,"23":0,"24":0,"25":0,"26":0,"27":0,"28":0,"29":0,"30":0,"31":0,"32":0,"33":1,"34":0,"35":0,"36":0,"37":0,"38":0,"39":0,"40":0,"41":0,"42":0,"43":0,"44":0,"45":0,"46":0,"47":0,"48":0,"49":0,"50":0,"51":0,"52":0,"53":0,"54":0,"55":0,"56":1,"57":0,"58":0,"59":0,"60":0,"61":0,"62":0,"63":0,"64":0,"65":0,"66":0,"67":0,"68":0,"69":0,"70":0,"71":0,"72":0,"73":0,"74":0,"75":0,"76":0,"77":0,"78":0,"79":0,"80":0,"81":0,"82":0,"83":0,"84":0,"85":1,"86":0,"87":0,"88":0,"89":0,"90":0,"91":0,"92":0,"93":0,"94":0,"95":0,"96":0,"97":0,"98":0,"99":0,"100":0,"101":0,"102":0,"103":0,"104":0,"105":0,"106":0},"f":{"0":0,"1":0,"2":0,"3":0,"4":0},"b":{"0":[0,0],"1":[0],"2":[0],"3":[0,0],"4":[0,0],"5":[0,0],"6":[0,0],"7":[0,0],"8":[0,0],"9":[0],"10":[0],"11":[0,0],"12":[0,0],"13":[0,0],"14":[0,0],"15":[0,0],"16":[0,0]},"inputSourceMap":null,"_coverageSchema":"1a1c01bbd47fc00a2c39e90264f33305004495a9","hash":"304ac1197e22dd7be5a1e05ba967c11d61ae1875"}
,"/home/jk97/projs/s4/stores-app/server/controllers/proveedorController.js": {"path":"/home/jk97/projs/s4/stores-app/server/controllers/proveedorController.js","statementMap":{"0":{"start":{"line":7,"column":34},"end":{"line":55,"column":1}},"1":{"start":{"line":9,"column":20},"end":{"line":9,"column":35}},"2":{"start":{"line":14,"column":8},"end":{"line":14,"column":16}},"3":{"start":{"line":15,"column":4},"end":{"line":54,"column":5}},"4":{"start":{"line":16,"column":32},"end":{"line":20,"column":10}},"5":{"start":{"line":22,"column":8},"end":{"line":34,"column":9}},"6":{"start":{"line":23,"column":12},"end":{"line":27,"column":13}},"7":{"start":{"line":24,"column":16},"end":{"line":24,"column":43}},"8":{"start":{"line":25,"column":16},"end":{"line":25,"column":82}},"9":{"start":{"line":26,"column":16},"end":{"line":26,"column":55}},"10":{"start":{"line":29,"column":12},"end":{"line":33,"column":13}},"11":{"start":{"line":30,"column":16},"end":{"line":30,"column":43}},"12":{"start":{"line":31,"column":16},"end":{"line":31,"column":95}},"13":{"start":{"line":32,"column":16},"end":{"line":32,"column":55}},"14":{"start":{"line":37,"column":28},"end":{"line":41,"column":10}},"15":{"start":{"line":43,"column":8},"end":{"line":43,"column":32}},"16":{"start":{"line":45,"column":8},"end":{"line":45,"column":37}},"17":{"start":{"line":46,"column":8},"end":{"line":46,"column":53}},"18":{"start":{"line":47,"column":8},"end":{"line":47,"column":47}},"19":{"start":{"line":50,"column":8},"end":{"line":50,"column":27}},"20":{"start":{"line":51,"column":8},"end":{"line":51,"column":35}},"21":{"start":{"line":52,"column":8},"end":{"line":52,"column":60}},"22":{"start":{"line":53,"column":8},"end":{"line":53,"column":47}},"23":{"start":{"line":60,"column":32},"end":{"line":79,"column":1}},"24":{"start":{"line":62,"column":20},"end":{"line":62,"column":35}},"25":{"start":{"line":63,"column":36},"end":{"line":63,"column":45}},"26":{"start":{"line":64,"column":4},"end":{"line":78,"column":5}},"27":{"start":{"line":65,"column":26},"end":{"line":67,"column":9}},"28":{"start":{"line":68,"column":8},"end":{"line":68,"column":37}},"29":{"start":{"line":69,"column":8},"end":{"line":69,"column":49}},"30":{"start":{"line":70,"column":8},"end":{"line":70,"column":35}},"31":{"start":{"line":71,"column":8},"end":{"line":71,"column":47}},"32":{"start":{"line":74,"column":8},"end":{"line":74,"column":27}},"33":{"start":{"line":75,"column":8},"end":{"line":75,"column":35}},"34":{"start":{"line":76,"column":8},"end":{"line":76,"column":65}},"35":{"start":{"line":77,"column":8},"end":{"line":77,"column":46}},"36":{"start":{"line":84,"column":31},"end":{"line":140,"column":1}},"37":{"start":{"line":86,"column":20},"end":{"line":86,"column":35}},"38":{"start":{"line":87,"column":53},"end":{"line":87,"column":61}},"39":{"start":{"line":88,"column":16},"end":{"line":88,"column":18}},"40":{"start":{"line":89,"column":4},"end":{"line":139,"column":5}},"41":{"start":{"line":90,"column":25},"end":{"line":90,"column":63}},"42":{"start":{"line":92,"column":8},"end":{"line":96,"column":9}},"43":{"start":{"line":93,"column":12},"end":{"line":93,"column":39}},"44":{"start":{"line":94,"column":12},"end":{"line":94,"column":58}},"45":{"start":{"line":95,"column":12},"end":{"line":95,"column":51}},"46":{"start":{"line":98,"column":8},"end":{"line":100,"column":9}},"47":{"start":{"line":99,"column":12},"end":{"line":99,"column":40}},"48":{"start":{"line":102,"column":8},"end":{"line":104,"column":9}},"49":{"start":{"line":103,"column":12},"end":{"line":103,"column":44}},"50":{"start":{"line":106,"column":8},"end":{"line":121,"column":9}},"51":{"start":{"line":107,"column":35},"end":{"line":107,"column":89}},"52":{"start":{"line":108,"column":12},"end":{"line":120,"column":13}},"53":{"start":{"line":109,"column":16},"end":{"line":113,"column":17}},"54":{"start":{"line":110,"column":20},"end":{"line":110,"column":47}},"55":{"start":{"line":111,"column":20},"end":{"line":111,"column":99}},"56":{"start":{"line":112,"column":20},"end":{"line":112,"column":59}},"57":{"start":{"line":115,"column":16},"end":{"line":119,"column":17}},"58":{"start":{"line":116,"column":20},"end":{"line":116,"column":47}},"59":{"start":{"line":117,"column":20},"end":{"line":117,"column":86}},"60":{"start":{"line":118,"column":20},"end":{"line":118,"column":59}},"61":{"start":{"line":123,"column":8},"end":{"line":123,"column":52}},"62":{"start":{"line":124,"column":8},"end":{"line":124,"column":46}},"63":{"start":{"line":125,"column":8},"end":{"line":125,"column":58}},"64":{"start":{"line":127,"column":8},"end":{"line":127,"column":24}},"65":{"start":{"line":129,"column":8},"end":{"line":129,"column":37}},"66":{"start":{"line":130,"column":8},"end":{"line":130,"column":62}},"67":{"start":{"line":131,"column":8},"end":{"line":131,"column":34}},"68":{"start":{"line":132,"column":8},"end":{"line":132,"column":47}},"69":{"start":{"line":135,"column":8},"end":{"line":135,"column":27}},"70":{"start":{"line":136,"column":8},"end":{"line":136,"column":35}},"71":{"start":{"line":137,"column":8},"end":{"line":137,"column":61}},"72":{"start":{"line":138,"column":8},"end":{"line":138,"column":46}},"73":{"start":{"line":145,"column":33},"end":{"line":177,"column":1}},"74":{"start":{"line":148,"column":20},"end":{"line":148,"column":35}},"75":{"start":{"line":149,"column":25},"end":{"line":149,"column":33}},"76":{"start":{"line":150,"column":4},"end":{"line":176,"column":5}},"77":{"start":{"line":151,"column":25},"end":{"line":151,"column":73}},"78":{"start":{"line":152,"column":8},"end":{"line":156,"column":9}},"79":{"start":{"line":153,"column":12},"end":{"line":153,"column":39}},"80":{"start":{"line":154,"column":12},"end":{"line":154,"column":52}},"81":{"start":{"line":155,"column":12},"end":{"line":155,"column":51}},"82":{"start":{"line":158,"column":8},"end":{"line":162,"column":9}},"83":{"start":{"line":159,"column":12},"end":{"line":159,"column":39}},"84":{"start":{"line":160,"column":12},"end":{"line":160,"column":63}},"85":{"start":{"line":161,"column":12},"end":{"line":161,"column":51}},"86":{"start":{"line":164,"column":8},"end":{"line":164,"column":32}},"87":{"start":{"line":166,"column":8},"end":{"line":166,"column":30}},"88":{"start":{"line":168,"column":8},"end":{"line":168,"column":37}},"89":{"start":{"line":169,"column":8},"end":{"line":169,"column":60}},"90":{"start":{"line":170,"column":8},"end":{"line":170,"column":47}},"91":{"start":{"line":173,"column":8},"end":{"line":173,"column":35}},"92":{"start":{"line":174,"column":8},"end":{"line":174,"column":58}},"93":{"start":{"line":175,"column":8},"end":{"line":175,"column":47}}},"fnMap":{"0":{"name":"(anonymous_0)","decl":{"start":{"line":7,"column":34},"end":{"line":7,"column":35}},"loc":{"start":{"line":7,"column":54},"end":{"line":55,"column":1}},"line":7},"1":{"name":"(anonymous_1)","decl":{"start":{"line":60,"column":32},"end":{"line":60,"column":33}},"loc":{"start":{"line":60,"column":52},"end":{"line":79,"column":1}},"line":60},"2":{"name":"(anonymous_2)","decl":{"start":{"line":84,"column":31},"end":{"line":84,"column":32}},"loc":{"start":{"line":84,"column":51},"end":{"line":140,"column":1}},"line":84},"3":{"name":"(anonymous_3)","decl":{"start":{"line":145,"column":33},"end":{"line":145,"column":34}},"loc":{"start":{"line":145,"column":53},"end":{"line":177,"column":1}},"line":145}},"branchMap":{"0":{"loc":{"start":{"line":22,"column":8},"end":{"line":34,"column":9}},"type":"if","locations":[{"start":{"line":22,"column":8},"end":{"line":34,"column":9}},{"start":{},"end":{}}],"line":22},"1":{"loc":{"start":{"line":23,"column":12},"end":{"line":27,"column":13}},"type":"if","locations":[{"start":{"line":23,"column":12},"end":{"line":27,"column":13}},{"start":{},"end":{}}],"line":23},"2":{"loc":{"start":{"line":29,"column":12},"end":{"line":33,"column":13}},"type":"if","locations":[{"start":{"line":29,"column":12},"end":{"line":33,"column":13}},{"start":{},"end":{}}],"line":29},"3":{"loc":{"start":{"line":63,"column":12},"end":{"line":63,"column":20}},"type":"default-arg","locations":[{"start":{"line":63,"column":19},"end":{"line":63,"column":20}}],"line":63},"4":{"loc":{"start":{"line":63,"column":22},"end":{"line":63,"column":31}},"type":"default-arg","locations":[{"start":{"line":63,"column":30},"end":{"line":63,"column":31}}],"line":63},"5":{"loc":{"start":{"line":92,"column":8},"end":{"line":96,"column":9}},"type":"if","locations":[{"start":{"line":92,"column":8},"end":{"line":96,"column":9}},{"start":{},"end":{}}],"line":92},"6":{"loc":{"start":{"line":98,"column":8},"end":{"line":100,"column":9}},"type":"if","locations":[{"start":{"line":98,"column":8},"end":{"line":100,"column":9}},{"start":{},"end":{}}],"line":98},"7":{"loc":{"start":{"line":102,"column":8},"end":{"line":104,"column":9}},"type":"if","locations":[{"start":{"line":102,"column":8},"end":{"line":104,"column":9}},{"start":{},"end":{}}],"line":102},"8":{"loc":{"start":{"line":106,"column":8},"end":{"line":121,"column":9}},"type":"if","locations":[{"start":{"line":106,"column":8},"end":{"line":121,"column":9}},{"start":{},"end":{}}],"line":106},"9":{"loc":{"start":{"line":108,"column":12},"end":{"line":120,"column":13}},"type":"if","locations":[{"start":{"line":108,"column":12},"end":{"line":120,"column":13}},{"start":{},"end":{}}],"line":108},"10":{"loc":{"start":{"line":108,"column":16},"end":{"line":108,"column":83}},"type":"binary-expr","locations":[{"start":{"line":108,"column":16},"end":{"line":108,"column":30}},{"start":{"line":108,"column":34},"end":{"line":108,"column":83}}],"line":108},"11":{"loc":{"start":{"line":109,"column":16},"end":{"line":113,"column":17}},"type":"if","locations":[{"start":{"line":109,"column":16},"end":{"line":113,"column":17}},{"start":{},"end":{}}],"line":109},"12":{"loc":{"start":{"line":115,"column":16},"end":{"line":119,"column":17}},"type":"if","locations":[{"start":{"line":115,"column":16},"end":{"line":119,"column":17}},{"start":{},"end":{}}],"line":115},"13":{"loc":{"start":{"line":123,"column":26},"end":{"line":123,"column":51}},"type":"binary-expr","locations":[{"start":{"line":123,"column":26},"end":{"line":123,"column":32}},{"start":{"line":123,"column":36},"end":{"line":123,"column":51}}],"line":123},"14":{"loc":{"start":{"line":124,"column":24},"end":{"line":124,"column":45}},"type":"binary-expr","locations":[{"start":{"line":124,"column":24},"end":{"line":124,"column":28}},{"start":{"line":124,"column":32},"end":{"line":124,"column":45}}],"line":124},"15":{"loc":{"start":{"line":125,"column":28},"end":{"line":125,"column":57}},"type":"binary-expr","locations":[{"start":{"line":125,"column":28},"end":{"line":125,"column":36}},{"start":{"line":125,"column":40},"end":{"line":125,"column":57}}],"line":125},"16":{"loc":{"start":{"line":152,"column":8},"end":{"line":156,"column":9}},"type":"if","locations":[{"start":{"line":152,"column":8},"end":{"line":156,"column":9}},{"start":{},"end":{}}],"line":152},"17":{"loc":{"start":{"line":158,"column":8},"end":{"line":162,"column":9}},"type":"if","locations":[{"start":{"line":158,"column":8},"end":{"line":162,"column":9}},{"start":{},"end":{}}],"line":158}},"s":{"0":1,"1":0,"2":0,"3":0,"4":0,"5":0,"6":0,"7":0,"8":0,"9":0,"10":0,"11":0,"12":0,"13":0,"14":0,"15":0,"16":0,"17":0,"18":0,"19":0,"20":0,"21":0,"22":0,"23":1,"24":0,"25":0,"26":0,"27":0,"28":0,"29":0,"30":0,"31":0,"32":0,"33":0,"34":0,"35":0,"36":1,"37":0,"38":0,"39":0,"40":0,"41":0,"42":0,"43":0,"44":0,"45":0,"46":0,"47":0,"48":0,"49":0,"50":0,"51":0,"52":0,"53":0,"54":0,"55":0,"56":0,"57":0,"58":0,"59":0,"60":0,"61":0,"62":0,"63":0,"64":0,"65":0,"66":0,"67":0,"68":0,"69":0,"70":0,"71":0,"72":0,"73":1,"74":0,"75":0,"76":0,"77":0,"78":0,"79":0,"80":0,"81":0,"82":0,"83":0,"84":0,"85":0,"86":0,"87":0,"88":0,"89":0,"90":0,"91":0,"92":0,"93":0},"f":{"0":0,"1":0,"2":0,"3":0},"b":{"0":[0,0],"1":[0,0],"2":[0,0],"3":[0],"4":[0],"5":[0,0],"6":[0,0],"7":[0,0],"8":[0,0],"9":[0,0],"10":[0,0],"11":[0,0],"12":[0,0],"13":[0,0],"14":[0,0],"15":[0,0],"16":[0,0],"17":[0,0]},"inputSourceMap":null,"_coverageSchema":"1a1c01bbd47fc00a2c39e90264f33305004495a9","hash":"5cf4971c0df49384ea53c2e7444085986074030f"}
,"/home/jk97/projs/s4/stores-app/server/controllers/usuarioController.js": {"path":"/home/jk97/projs/s4/stores-app/server/controllers/usuarioController.js","statementMap":{"0":{"start":{"line":16,"column":25},"end":{"line":75,"column":1}},"1":{"start":{"line":19,"column":20},"end":{"line":19,"column":35}},"2":{"start":{"line":20,"column":47},"end":{"line":20,"column":55}},"3":{"start":{"line":22,"column":4},"end":{"line":74,"column":5}},"4":{"start":{"line":24,"column":30},"end":{"line":24,"column":98}},"5":{"start":{"line":26,"column":8},"end":{"line":30,"column":9}},"6":{"start":{"line":27,"column":12},"end":{"line":27,"column":39}},"7":{"start":{"line":28,"column":12},"end":{"line":28,"column":58}},"8":{"start":{"line":29,"column":12},"end":{"line":29,"column":51}},"9":{"start":{"line":32,"column":8},"end":{"line":36,"column":9}},"10":{"start":{"line":33,"column":12},"end":{"line":33,"column":39}},"11":{"start":{"line":34,"column":12},"end":{"line":34,"column":71}},"12":{"start":{"line":35,"column":12},"end":{"line":35,"column":51}},"13":{"start":{"line":39,"column":21},"end":{"line":39,"column":45}},"14":{"start":{"line":40,"column":31},"end":{"line":40,"column":60}},"15":{"start":{"line":43,"column":23},"end":{"line":49,"column":10}},"16":{"start":{"line":51,"column":8},"end":{"line":51,"column":46}},"17":{"start":{"line":54,"column":24},"end":{"line":59,"column":10}},"18":{"start":{"line":65,"column":8},"end":{"line":65,"column":37}},"19":{"start":{"line":66,"column":8},"end":{"line":66,"column":81}},"20":{"start":{"line":67,"column":8},"end":{"line":67,"column":47}},"21":{"start":{"line":70,"column":8},"end":{"line":70,"column":27}},"22":{"start":{"line":71,"column":8},"end":{"line":71,"column":35}},"23":{"start":{"line":72,"column":8},"end":{"line":72,"column":56}},"24":{"start":{"line":73,"column":8},"end":{"line":73,"column":47}},"25":{"start":{"line":78,"column":24},"end":{"line":122,"column":1}},"26":{"start":{"line":81,"column":20},"end":{"line":81,"column":35}},"27":{"start":{"line":82,"column":22},"end":{"line":82,"column":30}},"28":{"start":{"line":83,"column":4},"end":{"line":121,"column":5}},"29":{"start":{"line":85,"column":29},"end":{"line":92,"column":9}},"30":{"start":{"line":93,"column":8},"end":{"line":97,"column":9}},"31":{"start":{"line":94,"column":12},"end":{"line":94,"column":39}},"32":{"start":{"line":95,"column":12},"end":{"line":95,"column":64}},"33":{"start":{"line":96,"column":12},"end":{"line":96,"column":51}},"34":{"start":{"line":99,"column":27},"end":{"line":99,"column":70}},"35":{"start":{"line":102,"column":8},"end":{"line":106,"column":9}},"36":{"start":{"line":103,"column":12},"end":{"line":103,"column":39}},"37":{"start":{"line":104,"column":12},"end":{"line":104,"column":64}},"38":{"start":{"line":105,"column":12},"end":{"line":105,"column":51}},"39":{"start":{"line":108,"column":8},"end":{"line":108,"column":39}},"40":{"start":{"line":110,"column":8},"end":{"line":110,"column":78}},"41":{"start":{"line":112,"column":8},"end":{"line":112,"column":37}},"42":{"start":{"line":113,"column":8},"end":{"line":113,"column":70}},"43":{"start":{"line":114,"column":8},"end":{"line":114,"column":47}},"44":{"start":{"line":117,"column":8},"end":{"line":117,"column":27}},"45":{"start":{"line":118,"column":8},"end":{"line":118,"column":35}},"46":{"start":{"line":119,"column":8},"end":{"line":119,"column":55}},"47":{"start":{"line":120,"column":8},"end":{"line":120,"column":47}},"48":{"start":{"line":125,"column":28},"end":{"line":169,"column":1}},"49":{"start":{"line":128,"column":20},"end":{"line":128,"column":35}},"50":{"start":{"line":130,"column":4},"end":{"line":168,"column":5}},"51":{"start":{"line":131,"column":26},"end":{"line":131,"column":34}},"52":{"start":{"line":133,"column":30},"end":{"line":133,"column":73}},"53":{"start":{"line":134,"column":8},"end":{"line":138,"column":9}},"54":{"start":{"line":135,"column":12},"end":{"line":135,"column":39}},"55":{"start":{"line":136,"column":12},"end":{"line":136,"column":60}},"56":{"start":{"line":137,"column":12},"end":{"line":137,"column":51}},"57":{"start":{"line":141,"column":8},"end":{"line":145,"column":9}},"58":{"start":{"line":142,"column":12},"end":{"line":142,"column":39}},"59":{"start":{"line":143,"column":12},"end":{"line":143,"column":64}},"60":{"start":{"line":144,"column":12},"end":{"line":144,"column":51}},"61":{"start":{"line":149,"column":24},"end":{"line":154,"column":10}},"62":{"start":{"line":159,"column":8},"end":{"line":159,"column":37}},"63":{"start":{"line":160,"column":8},"end":{"line":160,"column":55}},"64":{"start":{"line":161,"column":8},"end":{"line":161,"column":47}},"65":{"start":{"line":164,"column":8},"end":{"line":164,"column":27}},"66":{"start":{"line":165,"column":8},"end":{"line":165,"column":35}},"67":{"start":{"line":166,"column":8},"end":{"line":166,"column":52}},"68":{"start":{"line":167,"column":8},"end":{"line":167,"column":47}},"69":{"start":{"line":172,"column":14},"end":{"line":261,"column":1}},"70":{"start":{"line":175,"column":20},"end":{"line":175,"column":35}},"71":{"start":{"line":176,"column":28},"end":{"line":176,"column":36}},"72":{"start":{"line":178,"column":4},"end":{"line":260,"column":5}},"73":{"start":{"line":179,"column":21},"end":{"line":179,"column":64}},"74":{"start":{"line":180,"column":8},"end":{"line":184,"column":9}},"75":{"start":{"line":181,"column":12},"end":{"line":181,"column":39}},"76":{"start":{"line":182,"column":12},"end":{"line":182,"column":51}},"77":{"start":{"line":183,"column":12},"end":{"line":183,"column":51}},"78":{"start":{"line":186,"column":29},"end":{"line":186,"column":66}},"79":{"start":{"line":187,"column":8},"end":{"line":191,"column":9}},"80":{"start":{"line":188,"column":12},"end":{"line":188,"column":39}},"81":{"start":{"line":189,"column":12},"end":{"line":189,"column":50}},"82":{"start":{"line":190,"column":12},"end":{"line":190,"column":51}},"83":{"start":{"line":193,"column":8},"end":{"line":197,"column":9}},"84":{"start":{"line":194,"column":12},"end":{"line":194,"column":39}},"85":{"start":{"line":195,"column":12},"end":{"line":195,"column":58}},"86":{"start":{"line":196,"column":12},"end":{"line":196,"column":51}},"87":{"start":{"line":199,"column":8},"end":{"line":212,"column":9}},"88":{"start":{"line":201,"column":28},"end":{"line":206,"column":14}},"89":{"start":{"line":208,"column":12},"end":{"line":208,"column":75}},"90":{"start":{"line":209,"column":12},"end":{"line":209,"column":39}},"91":{"start":{"line":210,"column":12},"end":{"line":210,"column":114}},"92":{"start":{"line":211,"column":12},"end":{"line":211,"column":51}},"93":{"start":{"line":215,"column":30},"end":{"line":220,"column":10}},"94":{"start":{"line":224,"column":8},"end":{"line":224,"column":35}},"95":{"start":{"line":226,"column":8},"end":{"line":226,"column":37}},"96":{"start":{"line":227,"column":8},"end":{"line":227,"column":53}},"97":{"start":{"line":228,"column":8},"end":{"line":228,"column":42}},"98":{"start":{"line":229,"column":8},"end":{"line":229,"column":47}},"99":{"start":{"line":233,"column":8},"end":{"line":259,"column":9}},"100":{"start":{"line":234,"column":12},"end":{"line":234,"column":46}},"101":{"start":{"line":235,"column":25},"end":{"line":235,"column":68}},"102":{"start":{"line":237,"column":12},"end":{"line":241,"column":13}},"103":{"start":{"line":238,"column":16},"end":{"line":238,"column":43}},"104":{"start":{"line":239,"column":16},"end":{"line":239,"column":62}},"105":{"start":{"line":240,"column":16},"end":{"line":240,"column":55}},"106":{"start":{"line":243,"column":34},"end":{"line":248,"column":14}},"107":{"start":{"line":250,"column":12},"end":{"line":250,"column":39}},"108":{"start":{"line":251,"column":12},"end":{"line":251,"column":63}},"109":{"start":{"line":252,"column":12},"end":{"line":252,"column":73}},"110":{"start":{"line":253,"column":12},"end":{"line":253,"column":31}},"111":{"start":{"line":255,"column":12},"end":{"line":255,"column":39}},"112":{"start":{"line":256,"column":12},"end":{"line":256,"column":54}},"113":{"start":{"line":257,"column":12},"end":{"line":257,"column":43}},"114":{"start":{"line":258,"column":12},"end":{"line":258,"column":51}},"115":{"start":{"line":264,"column":18},"end":{"line":371,"column":1}},"116":{"start":{"line":267,"column":20},"end":{"line":267,"column":35}},"117":{"start":{"line":268,"column":29},"end":{"line":268,"column":37}},"118":{"start":{"line":269,"column":4},"end":{"line":369,"column":5}},"119":{"start":{"line":270,"column":26},"end":{"line":278,"column":10}},"120":{"start":{"line":280,"column":21},"end":{"line":280,"column":51}},"121":{"start":{"line":282,"column":8},"end":{"line":293,"column":9}},"122":{"start":{"line":283,"column":12},"end":{"line":289,"column":14}},"123":{"start":{"line":290,"column":12},"end":{"line":290,"column":39}},"124":{"start":{"line":291,"column":12},"end":{"line":291,"column":67}},"125":{"start":{"line":292,"column":12},"end":{"line":292,"column":51}},"126":{"start":{"line":295,"column":8},"end":{"line":299,"column":9}},"127":{"start":{"line":296,"column":12},"end":{"line":296,"column":39}},"128":{"start":{"line":297,"column":12},"end":{"line":297,"column":58}},"129":{"start":{"line":298,"column":12},"end":{"line":298,"column":51}},"130":{"start":{"line":302,"column":25},"end":{"line":302,"column":44}},"131":{"start":{"line":304,"column":8},"end":{"line":304,"column":27}},"132":{"start":{"line":306,"column":8},"end":{"line":306,"column":33}},"133":{"start":{"line":309,"column":20},"end":{"line":309,"column":42}},"134":{"start":{"line":311,"column":8},"end":{"line":311,"column":39}},"135":{"start":{"line":312,"column":8},"end":{"line":330,"column":9}},"136":{"start":{"line":313,"column":12},"end":{"line":313,"column":29}},"137":{"start":{"line":314,"column":12},"end":{"line":314,"column":41}},"138":{"start":{"line":315,"column":12},"end":{"line":315,"column":52}},"139":{"start":{"line":316,"column":12},"end":{"line":316,"column":40}},"140":{"start":{"line":317,"column":12},"end":{"line":317,"column":51}},"141":{"start":{"line":319,"column":12},"end":{"line":319,"column":45}},"142":{"start":{"line":320,"column":12},"end":{"line":320,"column":45}},"143":{"start":{"line":321,"column":12},"end":{"line":321,"column":29}},"144":{"start":{"line":322,"column":12},"end":{"line":322,"column":41}},"145":{"start":{"line":323,"column":12},"end":{"line":323,"column":69}},"146":{"start":{"line":324,"column":12},"end":{"line":328,"column":15}},"147":{"start":{"line":329,"column":12},"end":{"line":329,"column":51}},"148":{"start":{"line":334,"column":8},"end":{"line":334,"column":26}},"149":{"start":{"line":335,"column":8},"end":{"line":368,"column":9}},"150":{"start":{"line":336,"column":12},"end":{"line":336,"column":50}},"151":{"start":{"line":337,"column":24},"end":{"line":337,"column":46}},"152":{"start":{"line":339,"column":25},"end":{"line":339,"column":55}},"153":{"start":{"line":341,"column":12},"end":{"line":341,"column":31}},"154":{"start":{"line":343,"column":30},"end":{"line":351,"column":14}},"155":{"start":{"line":353,"column":12},"end":{"line":353,"column":72}},"156":{"start":{"line":355,"column":12},"end":{"line":355,"column":41}},"157":{"start":{"line":356,"column":12},"end":{"line":356,"column":52}},"158":{"start":{"line":357,"column":12},"end":{"line":361,"column":15}},"159":{"start":{"line":362,"column":12},"end":{"line":362,"column":51}},"160":{"start":{"line":364,"column":12},"end":{"line":364,"column":39}},"161":{"start":{"line":365,"column":12},"end":{"line":365,"column":54}},"162":{"start":{"line":366,"column":12},"end":{"line":366,"column":43}},"163":{"start":{"line":367,"column":12},"end":{"line":367,"column":51}},"164":{"start":{"line":374,"column":15},"end":{"line":405,"column":1}},"165":{"start":{"line":377,"column":20},"end":{"line":377,"column":35}},"166":{"start":{"line":378,"column":22},"end":{"line":378,"column":30}},"167":{"start":{"line":379,"column":4},"end":{"line":404,"column":5}},"168":{"start":{"line":380,"column":27},"end":{"line":380,"column":70}},"169":{"start":{"line":381,"column":8},"end":{"line":381,"column":31}},"170":{"start":{"line":383,"column":8},"end":{"line":387,"column":9}},"171":{"start":{"line":384,"column":12},"end":{"line":384,"column":39}},"172":{"start":{"line":385,"column":12},"end":{"line":385,"column":51}},"173":{"start":{"line":386,"column":12},"end":{"line":386,"column":51}},"174":{"start":{"line":389,"column":8},"end":{"line":389,"column":34}},"175":{"start":{"line":391,"column":8},"end":{"line":391,"column":31}},"176":{"start":{"line":392,"column":8},"end":{"line":392,"column":37}},"177":{"start":{"line":393,"column":8},"end":{"line":393,"column":50}},"178":{"start":{"line":394,"column":8},"end":{"line":394,"column":47}},"179":{"start":{"line":398,"column":8},"end":{"line":398,"column":27}},"180":{"start":{"line":400,"column":8},"end":{"line":400,"column":35}},"181":{"start":{"line":401,"column":8},"end":{"line":401,"column":49}},"182":{"start":{"line":402,"column":8},"end":{"line":402,"column":39}},"183":{"start":{"line":403,"column":8},"end":{"line":403,"column":47}},"184":{"start":{"line":408,"column":27},"end":{"line":449,"column":1}},"185":{"start":{"line":411,"column":20},"end":{"line":411,"column":35}},"186":{"start":{"line":412,"column":4},"end":{"line":448,"column":5}},"187":{"start":{"line":413,"column":26},"end":{"line":413,"column":34}},"188":{"start":{"line":414,"column":27},"end":{"line":414,"column":70}},"189":{"start":{"line":416,"column":8},"end":{"line":420,"column":9}},"190":{"start":{"line":417,"column":12},"end":{"line":417,"column":39}},"191":{"start":{"line":418,"column":12},"end":{"line":418,"column":51}},"192":{"start":{"line":419,"column":12},"end":{"line":419,"column":51}},"193":{"start":{"line":423,"column":24},"end":{"line":430,"column":10}},"194":{"start":{"line":434,"column":8},"end":{"line":434,"column":79}},"195":{"start":{"line":436,"column":8},"end":{"line":436,"column":28}},"196":{"start":{"line":437,"column":8},"end":{"line":437,"column":37}},"197":{"start":{"line":438,"column":8},"end":{"line":438,"column":71}},"198":{"start":{"line":439,"column":8},"end":{"line":439,"column":47}},"199":{"start":{"line":443,"column":8},"end":{"line":443,"column":27}},"200":{"start":{"line":445,"column":8},"end":{"line":445,"column":35}},"201":{"start":{"line":446,"column":8},"end":{"line":446,"column":52}},"202":{"start":{"line":447,"column":8},"end":{"line":447,"column":47}},"203":{"start":{"line":452,"column":28},"end":{"line":482,"column":1}},"204":{"start":{"line":455,"column":20},"end":{"line":455,"column":35}},"205":{"start":{"line":456,"column":4},"end":{"line":481,"column":5}},"206":{"start":{"line":457,"column":26},"end":{"line":457,"column":34}},"207":{"start":{"line":458,"column":29},"end":{"line":458,"column":113}},"208":{"start":{"line":459,"column":8},"end":{"line":463,"column":9}},"209":{"start":{"line":460,"column":12},"end":{"line":460,"column":39}},"210":{"start":{"line":461,"column":12},"end":{"line":461,"column":71}},"211":{"start":{"line":462,"column":12},"end":{"line":462,"column":51}},"212":{"start":{"line":465,"column":8},"end":{"line":469,"column":9}},"213":{"start":{"line":466,"column":12},"end":{"line":466,"column":39}},"214":{"start":{"line":467,"column":12},"end":{"line":467,"column":49}},"215":{"start":{"line":468,"column":12},"end":{"line":468,"column":51}},"216":{"start":{"line":471,"column":8},"end":{"line":471,"column":37}},"217":{"start":{"line":472,"column":8},"end":{"line":472,"column":39}},"218":{"start":{"line":473,"column":8},"end":{"line":473,"column":47}},"219":{"start":{"line":476,"column":8},"end":{"line":476,"column":27}},"220":{"start":{"line":478,"column":8},"end":{"line":478,"column":35}},"221":{"start":{"line":479,"column":8},"end":{"line":479,"column":53}},"222":{"start":{"line":480,"column":8},"end":{"line":480,"column":47}},"223":{"start":{"line":485,"column":22},"end":{"line":530,"column":1}},"224":{"start":{"line":488,"column":20},"end":{"line":488,"column":35}},"225":{"start":{"line":489,"column":4},"end":{"line":529,"column":5}},"226":{"start":{"line":490,"column":32},"end":{"line":490,"column":40}},"227":{"start":{"line":492,"column":29},"end":{"line":492,"column":113}},"228":{"start":{"line":494,"column":8},"end":{"line":498,"column":9}},"229":{"start":{"line":495,"column":12},"end":{"line":495,"column":39}},"230":{"start":{"line":496,"column":12},"end":{"line":496,"column":71}},"231":{"start":{"line":497,"column":12},"end":{"line":497,"column":51}},"232":{"start":{"line":500,"column":8},"end":{"line":504,"column":9}},"233":{"start":{"line":501,"column":12},"end":{"line":501,"column":39}},"234":{"start":{"line":502,"column":12},"end":{"line":502,"column":49}},"235":{"start":{"line":503,"column":12},"end":{"line":503,"column":51}},"236":{"start":{"line":506,"column":28},"end":{"line":506,"column":71}},"237":{"start":{"line":511,"column":21},"end":{"line":511,"column":45}},"238":{"start":{"line":512,"column":31},"end":{"line":512,"column":60}},"239":{"start":{"line":514,"column":8},"end":{"line":514,"column":42}},"240":{"start":{"line":516,"column":8},"end":{"line":516,"column":79}},"241":{"start":{"line":519,"column":8},"end":{"line":519,"column":37}},"242":{"start":{"line":520,"column":8},"end":{"line":520,"column":64}},"243":{"start":{"line":521,"column":8},"end":{"line":521,"column":47}},"244":{"start":{"line":524,"column":8},"end":{"line":524,"column":27}},"245":{"start":{"line":526,"column":8},"end":{"line":526,"column":35}},"246":{"start":{"line":527,"column":8},"end":{"line":527,"column":55}},"247":{"start":{"line":528,"column":8},"end":{"line":528,"column":47}}},"fnMap":{"0":{"name":"(anonymous_0)","decl":{"start":{"line":16,"column":25},"end":{"line":16,"column":26}},"loc":{"start":{"line":16,"column":45},"end":{"line":75,"column":1}},"line":16},"1":{"name":"(anonymous_1)","decl":{"start":{"line":78,"column":24},"end":{"line":78,"column":25}},"loc":{"start":{"line":78,"column":44},"end":{"line":122,"column":1}},"line":78},"2":{"name":"(anonymous_2)","decl":{"start":{"line":125,"column":28},"end":{"line":125,"column":29}},"loc":{"start":{"line":125,"column":48},"end":{"line":169,"column":1}},"line":125},"3":{"name":"(anonymous_3)","decl":{"start":{"line":172,"column":14},"end":{"line":172,"column":15}},"loc":{"start":{"line":172,"column":34},"end":{"line":261,"column":1}},"line":172},"4":{"name":"(anonymous_4)","decl":{"start":{"line":264,"column":18},"end":{"line":264,"column":19}},"loc":{"start":{"line":264,"column":38},"end":{"line":371,"column":1}},"line":264},"5":{"name":"(anonymous_5)","decl":{"start":{"line":374,"column":15},"end":{"line":374,"column":16}},"loc":{"start":{"line":374,"column":35},"end":{"line":405,"column":1}},"line":374},"6":{"name":"(anonymous_6)","decl":{"start":{"line":408,"column":27},"end":{"line":408,"column":28}},"loc":{"start":{"line":408,"column":47},"end":{"line":449,"column":1}},"line":408},"7":{"name":"(anonymous_7)","decl":{"start":{"line":452,"column":28},"end":{"line":452,"column":29}},"loc":{"start":{"line":452,"column":48},"end":{"line":482,"column":1}},"line":452},"8":{"name":"(anonymous_8)","decl":{"start":{"line":485,"column":22},"end":{"line":485,"column":23}},"loc":{"start":{"line":485,"column":42},"end":{"line":530,"column":1}},"line":485}},"branchMap":{"0":{"loc":{"start":{"line":26,"column":8},"end":{"line":30,"column":9}},"type":"if","locations":[{"start":{"line":26,"column":8},"end":{"line":30,"column":9}},{"start":{},"end":{}}],"line":26},"1":{"loc":{"start":{"line":26,"column":12},"end":{"line":26,"column":58}},"type":"binary-expr","locations":[{"start":{"line":26,"column":12},"end":{"line":26,"column":25}},{"start":{"line":26,"column":29},"end":{"line":26,"column":58}}],"line":26},"2":{"loc":{"start":{"line":32,"column":8},"end":{"line":36,"column":9}},"type":"if","locations":[{"start":{"line":32,"column":8},"end":{"line":36,"column":9}},{"start":{},"end":{}}],"line":32},"3":{"loc":{"start":{"line":32,"column":12},"end":{"line":32,"column":56}},"type":"binary-expr","locations":[{"start":{"line":32,"column":12},"end":{"line":32,"column":25}},{"start":{"line":32,"column":29},"end":{"line":32,"column":56}}],"line":32},"4":{"loc":{"start":{"line":93,"column":8},"end":{"line":97,"column":9}},"type":"if","locations":[{"start":{"line":93,"column":8},"end":{"line":97,"column":9}},{"start":{},"end":{}}],"line":93},"5":{"loc":{"start":{"line":102,"column":8},"end":{"line":106,"column":9}},"type":"if","locations":[{"start":{"line":102,"column":8},"end":{"line":106,"column":9}},{"start":{},"end":{}}],"line":102},"6":{"loc":{"start":{"line":134,"column":8},"end":{"line":138,"column":9}},"type":"if","locations":[{"start":{"line":134,"column":8},"end":{"line":138,"column":9}},{"start":{},"end":{}}],"line":134},"7":{"loc":{"start":{"line":141,"column":8},"end":{"line":145,"column":9}},"type":"if","locations":[{"start":{"line":141,"column":8},"end":{"line":145,"column":9}},{"start":{},"end":{}}],"line":141},"8":{"loc":{"start":{"line":180,"column":8},"end":{"line":184,"column":9}},"type":"if","locations":[{"start":{"line":180,"column":8},"end":{"line":184,"column":9}},{"start":{},"end":{}}],"line":180},"9":{"loc":{"start":{"line":187,"column":8},"end":{"line":191,"column":9}},"type":"if","locations":[{"start":{"line":187,"column":8},"end":{"line":191,"column":9}},{"start":{},"end":{}}],"line":187},"10":{"loc":{"start":{"line":193,"column":8},"end":{"line":197,"column":9}},"type":"if","locations":[{"start":{"line":193,"column":8},"end":{"line":197,"column":9}},{"start":{},"end":{}}],"line":193},"11":{"loc":{"start":{"line":199,"column":8},"end":{"line":212,"column":9}},"type":"if","locations":[{"start":{"line":199,"column":8},"end":{"line":212,"column":9}},{"start":{},"end":{}}],"line":199},"12":{"loc":{"start":{"line":233,"column":8},"end":{"line":259,"column":9}},"type":"if","locations":[{"start":{"line":233,"column":8},"end":{"line":259,"column":9}},{"start":{"line":254,"column":15},"end":{"line":259,"column":9}}],"line":233},"13":{"loc":{"start":{"line":237,"column":12},"end":{"line":241,"column":13}},"type":"if","locations":[{"start":{"line":237,"column":12},"end":{"line":241,"column":13}},{"start":{},"end":{}}],"line":237},"14":{"loc":{"start":{"line":282,"column":8},"end":{"line":293,"column":9}},"type":"if","locations":[{"start":{"line":282,"column":8},"end":{"line":293,"column":9}},{"start":{},"end":{}}],"line":282},"15":{"loc":{"start":{"line":295,"column":8},"end":{"line":299,"column":9}},"type":"if","locations":[{"start":{"line":295,"column":8},"end":{"line":299,"column":9}},{"start":{},"end":{}}],"line":295},"16":{"loc":{"start":{"line":312,"column":8},"end":{"line":330,"column":9}},"type":"if","locations":[{"start":{"line":312,"column":8},"end":{"line":330,"column":9}},{"start":{"line":318,"column":15},"end":{"line":330,"column":9}}],"line":312},"17":{"loc":{"start":{"line":312,"column":12},"end":{"line":312,"column":128}},"type":"binary-expr","locations":[{"start":{"line":312,"column":12},"end":{"line":312,"column":68}},{"start":{"line":312,"column":72},"end":{"line":312,"column":128}}],"line":312},"18":{"loc":{"start":{"line":335,"column":8},"end":{"line":368,"column":9}},"type":"if","locations":[{"start":{"line":335,"column":8},"end":{"line":368,"column":9}},{"start":{"line":363,"column":15},"end":{"line":368,"column":9}}],"line":335},"19":{"loc":{"start":{"line":383,"column":8},"end":{"line":387,"column":9}},"type":"if","locations":[{"start":{"line":383,"column":8},"end":{"line":387,"column":9}},{"start":{},"end":{}}],"line":383},"20":{"loc":{"start":{"line":416,"column":8},"end":{"line":420,"column":9}},"type":"if","locations":[{"start":{"line":416,"column":8},"end":{"line":420,"column":9}},{"start":{},"end":{}}],"line":416},"21":{"loc":{"start":{"line":459,"column":8},"end":{"line":463,"column":9}},"type":"if","locations":[{"start":{"line":459,"column":8},"end":{"line":463,"column":9}},{"start":{},"end":{}}],"line":459},"22":{"loc":{"start":{"line":465,"column":8},"end":{"line":469,"column":9}},"type":"if","locations":[{"start":{"
[...]
:1}},"5":{"start":{"line":14,"column":15},"end":{"line":14,"column":29}},"6":{"start":{"line":15,"column":4},"end":{"line":15,"column":25}},"7":{"start":{"line":18,"column":4},"end":{"line":25,"column":5}},"8":{"start":{"line":19,"column":30},"end":{"line":19,"column":46}},"9":{"start":{"line":20,"column":8},"end":{"line":24,"column":9}},"10":{"start":{"line":21,"column":12},"end":{"line":21,"column":96}},"11":{"start":{"line":23,"column":12},"end":{"line":23,"column":32}},"12":{"start":{"line":28,"column":18},"end":{"line":28,"column":71}},"13":{"start":{"line":30,"column":29},"end":{"line":35,"column":7}},"14":{"start":{"line":39,"column":4},"end":{"line":42,"column":5}},"15":{"start":{"line":40,"column":8},"end":{"line":40,"column":63}},"16":{"start":{"line":41,"column":8},"end":{"line":41,"column":92}},"17":{"start":{"line":44,"column":4},"end":{"line":44,"column":11}}},"fnMap":{"0":{"name":"(anonymous_0)","decl":{"start":{"line":13,"column":30},"end":{"line":13,"column":31}},"loc":{"start":{"line":13,"column":56},"end":{"line":45,"column":1}},"line":13}},"branchMap":{"0":{"loc":{"start":{"line":18,"column":4},"end":{"line":25,"column":5}},"type":"if","locations":[{"start":{"line":18,"column":4},"end":{"line":25,"column":5}},{"start":{},"end":{}}],"line":18},"1":{"loc":{"start":{"line":20,"column":8},"end":{"line":24,"column":9}},"type":"if","locations":[{"start":{"line":20,"column":8},"end":{"line":24,"column":9}},{"start":{"line":22,"column":15},"end":{"line":24,"column":9}}],"line":20},"2":{"loc":{"start":{"line":39,"column":4},"end":{"line":42,"column":5}},"type":"if","locations":[{"start":{"line":39,"column":4},"end":{"line":42,"column":5}},{"start":{},"end":{}}],"line":39}},"s":{"0":1,"1":1,"2":1,"3":1,"4":1,"5":0,"6":0,"7":0,"8":0,"9":0,"10":0,"11":0,"12":0,"13":0,"14":0,"15":0,"16":0,"17":0},"f":{"0":0},"b":{"0":[0,0],"1":[0,0],"2":[0,0]},"inputSourceMap":null,"_coverageSchema":"1a1c01bbd47fc00a2c39e90264f33305004495a9","hash":"c6f3fb43e3086af2510e6bf26011fe4b08d5e80c"}
,"/home/jk97/projs/s4/stores-app/server/middleware/checkRole.js": {"path":"/home/jk97/projs/s4/stores-app/server/middleware/checkRole.js","statementMap":{"0":{"start":{"line":3,"column":25},"end":{"line":19,"column":1}},"1":{"start":{"line":4,"column":20},"end":{"line":4,"column":35}},"2":{"start":{"line":5,"column":4},"end":{"line":18,"column":5}},"3":{"start":{"line":6,"column":25},"end":{"line":6,"column":36}},"4":{"start":{"line":7,"column":8},"end":{"line":11,"column":9}},"5":{"start":{"line":8,"column":12},"end":{"line":8,"column":39}},"6":{"start":{"line":9,"column":12},"end":{"line":9,"column":52}},"7":{"start":{"line":10,"column":12},"end":{"line":10,"column":51}},"8":{"start":{"line":12,"column":8},"end":{"line":12,"column":15}},"9":{"start":{"line":14,"column":8},"end":{"line":14,"column":35}},"10":{"start":{"line":15,"column":8},"end":{"line":15,"column":47}},"11":{"start":{"line":16,"column":8},"end":{"line":16,"column":39}},"12":{"start":{"line":17,"column":8},"end":{"line":17,"column":47}}},"fnMap":{"0":{"name":"(anonymous_0)","decl":{"start":{"line":3,"column":25},"end":{"line":3,"column":26}},"loc":{"start":{"line":3,"column":51},"end":{"line":19,"column":1}},"line":3}},"branchMap":{"0":{"loc":{"start":{"line":7,"column":8},"end":{"line":11,"column":9}},"type":"if","locations":[{"start":{"line":7,"column":8},"end":{"line":11,"column":9}},{"start":{},"end":{}}],"line":7}},"s":{"0":0,"1":0,"2":0,"3":0,"4":0,"5":0,"6":0,"7":0,"8":0,"9":0,"10":0,"11":0,"12":0},"f":{"0":0},"b":{"0":[0,0]},"inputSourceMap":null}
,"/home/jk97/projs/s4/stores-app/server/middleware/chekAuth.js": {"path":"/home/jk97/projs/s4/stores-app/server/middleware/chekAuth.js","statementMap":{"0":{"start":{"line":4,"column":18},"end":{"line":24,"column":1}},"1":{"start":{"line":6,"column":4},"end":{"line":16,"column":5}},"2":{"start":{"line":7,"column":8},"end":{"line":15,"column":9}},"3":{"start":{"line":8,"column":12},"end":{"line":8,"column":60}},"4":{"start":{"line":9,"column":28},"end":{"line":9,"column":69}},"5":{"start":{"line":10,"column":12},"end":{"line":11,"column":75}},"6":{"start":{"line":12,"column":12},"end":{"line":12,"column":26}},"7":{"start":{"line":14,"column":12},"end":{"line":14,"column":63}},"8":{"start":{"line":18,"column":4},"end":{"line":21,"column":5}},"9":{"start":{"line":19,"column":22},"end":{"line":19,"column":52}},"10":{"start":{"line":20,"column":8},"end":{"line":20,"column":57}},"11":{"start":{"line":23,"column":4},"end":{"line":23,"column":11}}},"fnMap":{"0":{"name":"(anonymous_0)","decl":{"start":{"line":4,"column":18},"end":{"line":4,"column":19}},"loc":{"start":{"line":4,"column":43},"end":{"line":24,"column":1}},"line":4}},"branchMap":{"0":{"loc":{"start":{"line":6,"column":4},"end":{"line":16,"column":5}},"type":"if","locations":[{"start":{"line":6,"column":4},"end":{"line":16,"column":5}},{"start":{},"end":{}}],"line":6},"1":{"loc":{"start":{"line":6,"column":7},"end":{"line":6,"column":82}},"type":"binary-expr","locations":[{"start":{"line":6,"column":7},"end":{"line":6,"column":32}},{"start":{"line":6,"column":36},"end":{"line":6,"column":82}}],"line":6},"2":{"loc":{"start":{"line":18,"column":4},"end":{"line":21,"column":5}},"type":"if","locations":[{"start":{"line":18,"column":4},"end":{"line":21,"column":5}},{"start":{},"end":{}}],"line":18}},"s":{"0":0,"1":0,"2":0,"3":0,"4":0,"5":0,"6":0,"7":0,"8":0,"9":0,"10":0,"11":0},"f":{"0":0},"b":{"0":[0,0],"1":[0,0],"2":[0,0]},"inputSourceMap":null}
,"/home/jk97/projs/s4/stores-app/server/middleware/manejadorErrores.js": {"path":"/home/jk97/projs/s4/stores-app/server/middleware/manejadorErrores.js","statementMap":{"0":{"start":{"line":6,"column":30},"end":{"line":16,"column":1}},"1":{"start":{"line":7,"column":18},"end":{"line":7,"column":39}},"2":{"start":{"line":8,"column":2},"end":{"line":14,"column":3}},"3":{"start":{"line":9,"column":20},"end":{"line":9,"column":35}},"4":{"start":{"line":10,"column":4},"end":{"line":10,"column":31}},"5":{"start":{"line":11,"column":4},"end":{"line":11,"column":55}},"6":{"start":{"line":12,"column":4},"end":{"line":12,"column":37}},"7":{"start":{"line":13,"column":4},"end":{"line":13,"column":43}},"8":{"start":{"line":15,"column":2},"end":{"line":15,"column":9}}},"fnMap":{"0":{"name":"(anonymous_0)","decl":{"start":{"line":6,"column":30},"end":{"line":6,"column":31}},"loc":{"start":{"line":6,"column":50},"end":{"line":16,"column":1}},"line":6}},"branchMap":{"0":{"loc":{"start":{"line":8,"column":2},"end":{"line":14,"column":3}},"type":"if","locations":[{"start":{"line":8,"column":2},"end":{"line":14,"column":3}},{"start":{},"end":{}}],"line":8}},"s":{"0":1,"1":1,"2":1,"3":1,"4":1,"5":1,"6":1,"7":1,"8":0},"f":{"0":1},"b":{"0":[1,0]},"inputSourceMap":null,"_coverageSchema":"1a1c01bbd47fc00a2c39e90264f33305004495a9","hash":"3528d9ff6715f8005f7d98a5c409a57dbf4ebc87"}
,"/home/jk97/projs/s4/stores-app/server/models/Cliente.js": {"path":"/home/jk97/projs/s4/stores-app/server/models/Cliente.js","statementMap":{"0":{"start":{"line":7,"column":0},"end":{"line":52,"column":1}}},"fnMap":{},"branchMap":{},"s":{"0":1},"f":{},"b":{},"inputSourceMap":null,"_coverageSchema":"1a1c01bbd47fc00a2c39e90264f33305004495a9","hash":"9a402080459263381bc56ccb874622cd84ff2de0"}
,"/home/jk97/projs/s4/stores-app/server/models/Logs.js": {"path":"/home/jk97/projs/s4/stores-app/server/models/Logs.js","statementMap":{"0":{"start":{"line":6,"column":15},"end":{"line":6,"column":40}},"1":{"start":{"line":8,"column":0},"end":{"line":36,"column":2}}},"fnMap":{},"branchMap":{},"s":{"0":1,"1":1},"f":{},"b":{},"inputSourceMap":null,"_coverageSchema":"1a1c01bbd47fc00a2c39e90264f33305004495a9","hash":"18034d187e7a5162fd720dbfd033a4812907974f"}
,"/home/jk97/projs/s4/stores-app/server/models/Movimiento.js": {"path":"/home/jk97/projs/s4/stores-app/server/models/Movimiento.js","statementMap":{"0":{"start":{"line":8,"column":0},"end":{"line":52,"column":1}},"1":{"start":{"line":38,"column":32},"end":{"line":38,"column":43}}},"fnMap":{"0":{"name":"(anonymous_0)","decl":{"start":{"line":38,"column":26},"end":{"line":38,"column":27}},"loc":{"start":{"line":38,"column":32},"end":{"line":38,"column":43}},"line":38}},"branchMap":{},"s":{"0":1,"1":0},"f":{"0":0},"b":{},"inputSourceMap":null,"_coverageSchema":"1a1c01bbd47fc00a2c39e90264f33305004495a9","hash":"a6c97b3761baeba6e02ca2a513bc61bd1f2d0111"}
,"/home/jk97/projs/s4/stores-app/server/models/Producto.js": {"path":"/home/jk97/projs/s4/stores-app/server/models/Producto.js","statementMap":{"0":{"start":{"line":7,"column":0},"end":{"line":66,"column":1}}},"fnMap":{},"branchMap":{},"s":{"0":1},"f":{},"b":{},"inputSourceMap":null,"_coverageSchema":"1a1c01bbd47fc00a2c39e90264f33305004495a9","hash":"b8312c3367aa0ac1707ac5632ea9c414128cc2d6"}
,"/home/jk97/projs/s4/stores-app/server/models/Proveedor.js": {"path":"/home/jk97/projs/s4/stores-app/server/models/Proveedor.js","statementMap":{"0":{"start":{"line":7,"column":0},"end":{"line":53,"column":1}}},"fnMap":{},"branchMap":{},"s":{"0":1},"f":{},"b":{},"inputSourceMap":null,"_coverageSchema":"1a1c01bbd47fc00a2c39e90264f33305004495a9","hash":"b037033ff47ddad4ce2bef55077fb4d6e6ab2fb3"}
,"/home/jk97/projs/s4/stores-app/server/models/Respuesta.js": {"path":"/home/jk97/projs/s4/stores-app/server/models/Respuesta.js","statementMap":{"0":{"start":{"line":2,"column":13},"end":{"line":2,"column":15}},"1":{"start":{"line":3,"column":10},"end":{"line":3,"column":12}},"2":{"start":{"line":4,"column":11},"end":{"line":4,"column":15}}},"fnMap":{},"branchMap":{},"s":{"0":1,"1":1,"2":1},"f":{},"b":{},"inputSourceMap":null,"_coverageSchema":"1a1c01bbd47fc00a2c39e90264f33305004495a9","hash":"a8251cbb454c5814bf89286bf3b7d161dba29e0b"}
,"/home/jk97/projs/s4/stores-app/server/models/Token.js": {"path":"/home/jk97/projs/s4/stores-app/server/models/Token.js","statementMap":{"0":{"start":{"line":6,"column":26},"end":{"line":10,"column":1}},"1":{"start":{"line":16,"column":0},"end":{"line":53,"column":1}},"2":{"start":{"line":21,"column":32},"end":{"line":21,"column":43}}},"fnMap":{"0":{"name":"(anonymous_0)","decl":{"start":{"line":21,"column":26},"end":{"line":21,"column":27}},"loc":{"start":{"line":21,"column":32},"end":{"line":21,"column":43}},"line":21}},"branchMap":{},"s":{"0":1,"1":1,"2":0},"f":{"0":0},"b":{},"inputSourceMap":null,"_coverageSchema":"1a1c01bbd47fc00a2c39e90264f33305004495a9","hash":"8a2a6c02831582f1744f594e913171a66eb88237"}
,"/home/jk97/projs/s4/stores-app/server/models/Usuario.js": {"path":"/home/jk97/projs/s4/stores-app/server/models/Usuario.js","statementMap":{"0":{"start":{"line":7,"column":0},"end":{"line":105,"column":1}}},"fnMap":{},"branchMap":{},"s":{"0":1},"f":{},"b":{},"inputSourceMap":null,"_coverageSchema":"1a1c01bbd47fc00a2c39e90264f33305004495a9","hash":"bf77b5d29bf8de5b46f2c3c20eb0766a46d9bd0f"}
,"/home/jk97/projs/s4/stores-app/server/models/index.js": {"path":"/home/jk97/projs/s4/stores-app/server/models/index.js","statementMap":{"0":{"start":{"line":14,"column":0},"end":{"line":17,"column":3}},"1":{"start":{"line":20,"column":0},"end":{"line":23,"column":3}},"2":{"start":{"line":27,"column":0},"end":{"line":30,"column":2}},"3":{"start":{"line":31,"column":0},"end":{"line":34,"column":2}},"4":{"start":{"line":38,"column":0},"end":{"line":41,"column":3}},"5":{"start":{"line":43,"column":0},"end":{"line":46,"column":3}},"6":{"start":{"line":49,"column":0},"end":{"line":52,"column":3}},"7":{"start":{"line":54,"column":0},"end":{"line":57,"column":2}},"8":{"start":{"line":60,"column":0},"end":{"line":63,"column":3}},"9":{"start":{"line":65,"column":0},"end":{"line":68,"column":2}}},"fnMap":{},"branchMap":{},"s":{"0":1,"1":1,"2":1,"3":1,"4":1,"5":1,"6":1,"7":1,"8":1,"9":1},"f":{},"b":{},"inputSourceMap":null,"_coverageSchema":"1a1c01bbd47fc00a2c39e90264f33305004495a9","hash":"69bd82c2b43ff35b8ccb94be1e30bbc19c3ea797"}
,"/home/jk97/projs/s4/stores-app/server/routes/clienteRoutes.js": {"path":"/home/jk97/projs/s4/stores-app/server/routes/clienteRoutes.js","statementMap":{"0":{"start":{"line":9,"column":15},"end":{"line":9,"column":31}},"1":{"start":{"line":11,"column":0},"end":{"line":11,"column":66}},"2":{"start":{"line":12,"column":0},"end":{"line":12,"column":67}},"3":{"start":{"line":13,"column":0},"end":{"line":13,"column":69}},"4":{"start":{"line":14,"column":0},"end":{"line":14,"column":78}}},"fnMap":{},"branchMap":{},"s":{"0":1,"1":1,"2":1,"3":1,"4":1},"f":{},"b":{},"inputSourceMap":null,"_coverageSchema":"1a1c01bbd47fc00a2c39e90264f33305004495a9","hash":"8574c3b0ee58b547cfe16283616f081ce8be3ec7"}
,"/home/jk97/projs/s4/stores-app/server/routes/movimientosRoutes.js": {"path":"/home/jk97/projs/s4/stores-app/server/routes/movimientosRoutes.js","statementMap":{"0":{"start":{"line":10,"column":15},"end":{"line":10,"column":31}},"1":{"start":{"line":12,"column":0},"end":{"line":12,"column":73}},"2":{"start":{"line":13,"column":0},"end":{"line":13,"column":62}},"3":{"start":{"line":14,"column":0},"end":{"line":14,"column":89}}},"fnMap":{},"branchMap":{},"s":{"0":1,"1":1,"2":1,"3":1},"f":{},"b":{},"inputSourceMap":null,"_coverageSchema":"1a1c01bbd47fc00a2c39e90264f33305004495a9","hash":"a4a1bbc9cd07c0abb3ecc71bfa11a562d82d61bd"}
,"/home/jk97/projs/s4/stores-app/server/routes/productoRoutes.js": {"path":"/home/jk97/projs/s4/stores-app/server/routes/productoRoutes.js","statementMap":{"0":{"start":{"line":15,"column":15},"end":{"line":15,"column":31}},"1":{"start":{"line":17,"column":0},"end":{"line":17,"column":68}},"2":{"start":{"line":18,"column":0},"end":{"line":18,"column":71}},"3":{"start":{"line":19,"column":0},"end":{"line":19,"column":71}},"4":{"start":{"line":20,"column":0},"end":{"line":20,"column":95}},"5":{"start":{"line":21,"column":0},"end":{"line":21,"column":78}}},"fnMap":{},"branchMap":{},"s":{"0":1,"1":1,"2":1,"3":1,"4":1,"5":1},"f":{},"b":{},"inputSourceMap":null,"_coverageSchema":"1a1c01bbd47fc00a2c39e90264f33305004495a9","hash":"fe0eb1c5f5aca61965d79bb80e40241e77f66ac3"}
,"/home/jk97/projs/s4/stores-app/server/routes/proveedorRoutes.js": {"path":"/home/jk97/projs/s4/stores-app/server/routes/proveedorRoutes.js","statementMap":{"0":{"start":{"line":13,"column":15},"end":{"line":13,"column":31}},"1":{"start":{"line":15,"column":0},"end":{"line":15,"column":67}},"2":{"start":{"line":16,"column":0},"end":{"line":16,"column":71}},"3":{"start":{"line":17,"column":0},"end":{"line":17,"column":74}},"4":{"start":{"line":18,"column":0},"end":{"line":18,"column":82}}},"fnMap":{},"branchMap":{},"s":{"0":1,"1":1,"2":1,"3":1,"4":1},"f":{},"b":{},"inputSourceMap":null,"_coverageSchema":"1a1c01bbd47fc00a2c39e90264f33305004495a9","hash":"a65f91982c7d5233c7f54fe859a3e77fc407225f"}
,"/home/jk97/projs/s4/stores-app/server/routes/usuarioRoutes.js": {"path":"/home/jk97/projs/s4/stores-app/server/routes/usuarioRoutes.js","statementMap":{"0":{"start":{"line":30,"column":15},"end":{"line":30,"column":31}},"1":{"start":{"line":33,"column":0},"end":{"line":33,"column":76}},"2":{"start":{"line":34,"column":0},"end":{"line":34,"column":87}},"3":{"start":{"line":35,"column":0},"end":{"line":35,"column":94}},"4":{"start":{"line":36,"column":0},"end":{"line":36,"column":75}},"5":{"start":{"line":37,"column":0},"end":{"line":37,"column":86}},"6":{"start":{"line":38,"column":0},"end":{"line":38,"column":62}},"7":{"start":{"line":41,"column":0},"end":{"line":41,"column":88}},"8":{"start":{"line":42,"column":0},"end":{"line":42,"column":50}},"9":{"start":{"line":43,"column":0},"end":{"line":43,"column":71}}},"fnMap":{},"branchMap":{},"s":{"0":1,"1":1,"2":1,"3":1,"4":1,"5":1,"6":1,"7":1,"8":1,"9":1},"f":{},"b":{},"inputSourceMap":null,"_coverageSchema":"1a1c01bbd47fc00a2c39e90264f33305004495a9","hash":"578b8abc0a97ca69f600eea1ff4c1a1cb5ccdb2b"}
,"/home/jk97/projs/s4/stores-app/server/validators/clienteValidator.js": {"path":"/home/jk97/projs/s4/stores-app/server/validators/clienteValidator.js","statementMap":{"0":{"start":{"line":3,"column":30},"end":{"line":22,"column":1}},"1":{"start":{"line":24,"column":31},"end":{"line":49,"column":1}},"2":{"start":{"line":51,"column":36},"end":{"line":58,"column":1}}},"fnMap":{},"branchMap":{},"s":{"0":1,"1":1,"2":1},"f":{},"b":{},"inputSourceMap":null,"_coverageSchema":"1a1c01bbd47fc00a2c39e90264f33305004495a9","hash":"268301dc06abcc6c00756872c283c8dcd468d7e8"}
,"/home/jk97/projs/s4/stores-app/server/validators/gnrlValidator.js": {"path":"/home/jk97/projs/s4/stores-app/server/validators/gnrlValidator.js","statementMap":{"0":{"start":{"line":3,"column":31},"end":{"line":12,"column":1}}},"fnMap":{},"branchMap":{},"s":{"0":1},"f":{},"b":{},"inputSourceMap":null,"_coverageSchema":"1a1c01bbd47fc00a2c39e90264f33305004495a9","hash":"d1680c8edfeb73b3d540b64fe2549112e5459d07"}
,"/home/jk97/projs/s4/stores-app/server/validators/movimientoValidator.js": {"path":"/home/jk97/projs/s4/stores-app/server/validators/movimientoValidator.js","statementMap":{"0":{"start":{"line":3,"column":33},"end":{"line":21,"column":1}},"1":{"start":{"line":24,"column":27},"end":{"line":74,"column":1}}},"fnMap":{},"branchMap":{},"s":{"0":1,"1":1},"f":{},"b":{},"inputSourceMap":null,"_coverageSchema":"1a1c01bbd47fc00a2c39e90264f33305004495a9","hash":"13db7911b4b6f0f6f4a8571d312f27ddf32e5f06"}
,"/home/jk97/projs/s4/stores-app/server/validators/productoValidator.js": {"path":"/home/jk97/projs/s4/stores-app/server/validators/productoValidator.js","statementMap":{"0":{"start":{"line":3,"column":30},"end":{"line":29,"column":1}},"1":{"start":{"line":31,"column":32},"end":{"line":61,"column":1}},"2":{"start":{"line":63,"column":35},"end":{"line":80,"column":1}},"3":{"start":{"line":82,"column":34},"end":{"line":86,"column":1}}},"fnMap":{},"branchMap":{},"s":{"0":1,"1":1,"2":1,"3":1},"f":{},"b":{},"inputSourceMap":null,"_coverageSchema":"1a1c01bbd47fc00a2c39e90264f33305004495a9","hash":"bccb615cd35f99ebd7c6fc981a5c22379a4c2f8d"}
,"/home/jk97/projs/s4/stores-app/server/validators/proveedorValidator.js": {"path":"/home/jk97/projs/s4/stores-app/server/validators/proveedorValidator.js","statementMap":{"0":{"start":{"line":3,"column":32},"end":{"line":22,"column":1}},"1":{"start":{"line":24,"column":34},"end":{"line":49,"column":1}},"2":{"start":{"line":51,"column":38},"end":{"line":58,"column":1}}},"fnMap":{},"branchMap":{},"s":{"0":1,"1":1,"2":1},"f":{},"b":{},"inputSourceMap":null,"_coverageSchema":"1a1c01bbd47fc00a2c39e90264f33305004495a9","hash":"2914319a9cb9d842b08ef46e9bc5cef708f707da"}
,"/home/jk97/projs/s4/stores-app/server/validators/usuarioValidator.js": {"path":"/home/jk97/projs/s4/stores-app/server/validators/usuarioValidator.js","statementMap":{"0":{"start":{"line":3,"column":31},"end":{"line":41,"column":1}},"1":{"start":{"line":36,"column":6},"end":{"line":38,"column":7}},"2":{"start":{"line":37,"column":8},"end":{"line":37,"column":76}},"3":{"start":{"line":39,"column":6},"end":{"line":39,"column":18}},"4":{"start":{"line":43,"column":35},"end":{"line":49,"column":1}},"5":{"start":{"line":51,"column":38},"end":{"line":59,"column":1}},"6":{"start":{"line":61,"column":28},"end":{"line":74,"column":1}},"7":{"start":{"line":76,"column":30},"end":{"line":85,"column":1}},"8":{"start":{"line":87,"column":29},"end":{"line":93,"column":1}},"9":{"start":{"line":95,"column":40},"end":{"line":101,"column":1}},"10":{"start":{"line":103,"column":29},"end":{"line":111,"column":1}}},"fnMap":{"0":{"name":"(anonymous_0)","decl":{"start":{"line":35,"column":100},"end":{"line":35,"column":101}},"loc":{"start":{"line":35,"column":111},"end":{"line":40,"column":5}},"line":35}},"branchMap":{"0":{"loc":{"start":{"line":36,"column":6},"end":{"line":38,"column":7}},"type":"if","locations":[{"start":{"line":36,"column":6},"end":{"line":38,"column":7}},{"start":{},"end":{}}],"line":36}},"s":{"0":1,"1":1,"2":0,"3":1,"4":1,"5":1,"6":1,"7":1,"8":1,"9":1,"10":1},"f":{"0":1},"b":{"0":[0,1]},"inputSourceMap":null,"_coverageSchema":"1a1c01bbd47fc00a2c39e90264f33305004495a9","hash":"510bc3003017fc2ce471f0e282c9763af1edee8b"}
}
